#
# There is insufficient memory for the Java Runtime Environment to continue.
# Native memory allocation (mmap) failed to map 304087040 bytes for G1 virtual space
# Possible reasons:
#   The system is out of physical RAM or swap space
#   The process is running with CompressedOops enabled, and the Java Heap may be blocking the growth of the native heap
# Possible solutions:
#   Reduce memory load on the system
#   Increase physical memory or swap space
#   Check if swap backing store is full
#   Decrease Java heap size (-Xmx/-Xms)
#   Decrease number of Java threads
#   Decrease Java thread stack sizes (-Xss)
#   Set larger code cache with -XX:ReservedCodeCacheSize=
#   JVM is running with Zero Based Compressed Oops mode in which the Java heap is
#     placed in the first 32GB address space. The Java Heap base address is the
#     maximum limit for the native heap growth. Please use -XX:HeapBaseMinAddress
#     to set the Java Heap base and to place the Java Heap above 32GB virtual address.
# This output file may be truncated or incomplete.
#
#  Out of Memory Error (os_windows.cpp:3825), pid=169688, tid=125672
#
# JRE version: OpenJDK Runtime Environment (17.0.9) (build 17.0.9+0--11185874)
# Java VM: OpenJDK 64-Bit Server VM (17.0.9+0--11185874, mixed mode, tiered, compressed oops, compressed class ptrs, g1 gc, windows-amd64)
# No core dump will be written. Minidumps are not enabled by default on client versions of Windows
#

---------------  S U M M A R Y ------------

Command Line: org.jetbrains.kotlin.cli.jvm.K2JVMCompiler @C:\Users\Professional\AndroidStudioProjects\NUMAD\app\build\20240422_9878663222395236715.compiler.options

Host: 12th Gen Intel(R) Core(TM) i7-12700H, 20 cores, 15G,  Windows 10 , 64 bit Build 17763 (10.0.17763.2989)
Time: Mon Apr 22 16:42:16 2024 Belarus Standard Time elapsed time: 29.239378 seconds (0d 0h 0m 29s)

---------------  T H R E A D  ---------------

Current thread (0x00000203aa931f10):  VMThread "VM Thread" [stack: 0x000000d8a7300000,0x000000d8a7400000] [id=125672]

Stack: [0x000000d8a7300000,0x000000d8a7400000]
Native frames: (J=compiled Java code, j=interpreted, Vv=VM code, C=native code)
V  [jvm.dll+0x6886e9]
V  [jvm.dll+0x841e4a]
V  [jvm.dll+0x843a8e]
V  [jvm.dll+0x8440f3]
V  [jvm.dll+0x24c14f]
V  [jvm.dll+0x685499]
V  [jvm.dll+0x679c2a]
V  [jvm.dll+0x30cf9b]
V  [jvm.dll+0x314446]
V  [jvm.dll+0x36425e]
V  [jvm.dll+0x36448f]
V  [jvm.dll+0x2e2d68]
V  [jvm.dll+0x2e5e56]
V  [jvm.dll+0x2f066a]
V  [jvm.dll+0x325610]
V  [jvm.dll+0x8487eb]
V  [jvm.dll+0x849531]
V  [jvm.dll+0x849a4d]
V  [jvm.dll+0x849e24]
V  [jvm.dll+0x849ef0]
V  [jvm.dll+0x7f06aa]
V  [jvm.dll+0x687565]
C  [ucrtbase.dll+0x2268a]
C  [KERNEL32.DLL+0x17974]
C  [ntdll.dll+0x5a2f1]

VM_Operation (0x000000d8a6fff930): G1PauseRemark, mode: safepoint, requested by thread 0x000002038b0c27b0


---------------  P R O C E S S  ---------------

Threads class SMR info:
_java_thread_list=0x00000203b0a6f6c0, length=16, elements={
0x000002038b046c80, 0x00000203aa9923b0, 0x00000203aa993370, 0x00000203aa9c3950,
0x00000203aa9c4120, 0x00000203aa9c7200, 0x00000203aa9c7bc0, 0x00000203aa9e2330,
0x00000203aa9e5260, 0x00000203aa9e5b70, 0x00000203aab6c7f0, 0x00000203aab7d9f0,
0x00000203afa8e680, 0x00000203afe69f40, 0x00000203b0266280, 0x00000203b0a6e4e0
}

Java Threads: ( => current thread )
  0x000002038b046c80 JavaThread "main" [_thread_blocked, id=161888, stack(0x000000d8a6d00000,0x000000d8a6e00000)]
  0x00000203aa9923b0 JavaThread "Reference Handler" daemon [_thread_blocked, id=169612, stack(0x000000d8a7400000,0x000000d8a7500000)]
  0x00000203aa993370 JavaThread "Finalizer" daemon [_thread_blocked, id=167276, stack(0x000000d8a7500000,0x000000d8a7600000)]
  0x00000203aa9c3950 JavaThread "Signal Dispatcher" daemon [_thread_blocked, id=168396, stack(0x000000d8a7600000,0x000000d8a7700000)]
  0x00000203aa9c4120 JavaThread "Attach Listener" daemon [_thread_blocked, id=161940, stack(0x000000d8a7700000,0x000000d8a7800000)]
  0x00000203aa9c7200 JavaThread "Service Thread" daemon [_thread_blocked, id=170756, stack(0x000000d8a7800000,0x000000d8a7900000)]
  0x00000203aa9c7bc0 JavaThread "Monitor Deflation Thread" daemon [_thread_blocked, id=116660, stack(0x000000d8a7900000,0x000000d8a7a00000)]
  0x00000203aa9e2330 JavaThread "C2 CompilerThread0" daemon [_thread_in_native, id=168572, stack(0x000000d8a7a00000,0x000000d8a7b00000)]
  0x00000203aa9e5260 JavaThread "C1 CompilerThread0" daemon [_thread_blocked, id=164056, stack(0x000000d8a7b00000,0x000000d8a7c00000)]
  0x00000203aa9e5b70 JavaThread "Sweeper thread" daemon [_thread_blocked, id=156892, stack(0x000000d8a7c00000,0x000000d8a7d00000)]
  0x00000203aab6c7f0 JavaThread "Notification Thread" daemon [_thread_blocked, id=103024, stack(0x000000d8a7f00000,0x000000d8a8000000)]
  0x00000203aab7d9f0 JavaThread "Common-Cleaner" daemon [_thread_blocked, id=169240, stack(0x000000d8a8100000,0x000000d8a8200000)]
  0x00000203afa8e680 JavaThread "C1 CompilerThread1" daemon [_thread_blocked, id=171232, stack(0x000000d8a7d00000,0x000000d8a7e00000)]
  0x00000203afe69f40 JavaThread "C1 CompilerThread2" daemon [_thread_blocked, id=171236, stack(0x000000d8a7e00000,0x000000d8a7f00000)]
  0x00000203b0266280 JavaThread "C1 CompilerThread3" daemon [_thread_blocked, id=171240, stack(0x000000d8a8e00000,0x000000d8a8f00000)]
  0x00000203b0a6e4e0 JavaThread "C2 CompilerThread1" daemon [_thread_blocked, id=171268, stack(0x000000d8a9100000,0x000000d8a9200000)]

Other Threads:
=>0x00000203aa931f10 VMThread "VM Thread" [stack: 0x000000d8a7300000,0x000000d8a7400000] [id=125672]
  0x00000203aab6ccd0 WatcherThread [stack: 0x000000d8a8000000,0x000000d8a8100000] [id=158900]
  0x000002038b0b1d50 GCTaskThread "GC Thread#0" [stack: 0x000000d8a6e00000,0x000000d8a6f00000] [id=170064]
  0x00000203af4e1bf0 GCTaskThread "GC Thread#1" [stack: 0x000000d8a8400000,0x000000d8a8500000] [id=169372]
  0x00000203af4e7f90 GCTaskThread "GC Thread#2" [stack: 0x000000d8a8500000,0x000000d8a8600000] [id=168040]
  0x00000203af4e8250 GCTaskThread "GC Thread#3" [stack: 0x000000d8a8600000,0x000000d8a8700000] [id=166240]
  0x00000203af4e8510 GCTaskThread "GC Thread#4" [stack: 0x000000d8a8700000,0x000000d8a8800000] [id=171012]
  0x00000203af4e8fe0 GCTaskThread "GC Thread#5" [stack: 0x000000d8a8800000,0x000000d8a8900000] [id=171016]
  0x00000203af8924a0 GCTaskThread "GC Thread#6" [stack: 0x000000d8a8300000,0x000000d8a8400000] [id=171148]
  0x00000203af993600 GCTaskThread "GC Thread#7" [stack: 0x000000d8a8900000,0x000000d8a8a00000] [id=171152]
  0x00000203af993b80 GCTaskThread "GC Thread#8" [stack: 0x000000d8a8a00000,0x000000d8a8b00000] [id=171156]
  0x00000203af9943c0 GCTaskThread "GC Thread#9" [stack: 0x000000d8a8f00000,0x000000d8a9000000] [id=171224]
  0x00000203b024faf0 GCTaskThread "GC Thread#10" [stack: 0x000000d8a9000000,0x000000d8a9100000] [id=171244]
  0x00000203b02513b0 GCTaskThread "GC Thread#11" [stack: 0x000000d8a8200000,0x000000d8a8300000] [id=171264]
  0x00000203b024dcb0 GCTaskThread "GC Thread#12" [stack: 0x000000d8a9200000,0x000000d8a9300000] [id=171364]
  0x00000203b0250330 GCTaskThread "GC Thread#13" [stack: 0x000000d8a9300000,0x000000d8a9400000] [id=171368]
  0x00000203b02508b0 GCTaskThread "GC Thread#14" [stack: 0x000000d8a9400000,0x000000d8a9500000] [id=171372]
  0x000002038b0c27b0 ConcurrentGCThread "G1 Main Marker" [stack: 0x000000d8a6f00000,0x000000d8a7000000] [id=170532]
  0x000002038b0c31d0 ConcurrentGCThread "G1 Conc#0" [stack: 0x000000d8a7000000,0x000000d8a7100000] [id=170440]
  0x00000203af9938c0 ConcurrentGCThread "G1 Conc#1" [stack: 0x000000d8a8b00000,0x000000d8a8c00000] [id=171160]
  0x00000203af993e40 ConcurrentGCThread "G1 Conc#2" [stack: 0x000000d8a8c00000,0x000000d8a8d00000] [id=171164]
  0x00000203af994100 ConcurrentGCThread "G1 Conc#3" [stack: 0x000000d8a8d00000,0x000000d8a8e00000] [id=171168]
  0x000002038b0fe740 ConcurrentGCThread "G1 Refine#0" [stack: 0x000000d8a7100000,0x000000d8a7200000] [id=170336]
  0x00000203b617dee0 ConcurrentGCThread "G1 Refine#1" [stack: 0x000000d8a9500000,0x000000d8a9600000] [id=171548]
  0x00000203b617e1d0 ConcurrentGCThread "G1 Refine#2" [stack: 0x000000d8a9600000,0x000000d8a9700000] [id=171552]
  0x00000203b617ca50 ConcurrentGCThread "G1 Refine#3" [stack: 0x000000d8a9700000,0x000000d8a9800000] [id=171556]
  0x00000203b49c5390 ConcurrentGCThread "G1 Refine#4" [stack: 0x000000d8a9800000,0x000000d8a9900000] [id=171664]
  0x00000203b49c44e0 ConcurrentGCThread "G1 Refine#5" [stack: 0x000000d8a9900000,0x000000d8a9a00000] [id=171668]
  0x00000203b49c5970 ConcurrentGCThread "G1 Refine#6" [stack: 0x000000d8a9a00000,0x000000d8a9b00000] [id=171672]
  0x00000203b49c1eb0 ConcurrentGCThread "G1 Refine#7" [stack: 0x000000d8a9b00000,0x000000d8a9c00000] [id=171676]
  0x00000203b49c2780 ConcurrentGCThread "G1 Refine#8" [stack: 0x000000d8a9c00000,0x000000d8a9d00000] [id=171712]
  0x00000203b49c3340 ConcurrentGCThread "G1 Refine#9" [stack: 0x000000d8a9d00000,0x000000d8a9e00000] [id=171716]
  0x00000203b49c4ac0 ConcurrentGCThread "G1 Refine#10" [stack: 0x000000d8a9e00000,0x000000d8a9f00000] [id=171720]
  0x00000203b49c2a70 ConcurrentGCThread "G1 Refine#11" [stack: 0x000000d8a9f00000,0x000000d8aa000000] [id=171728]
  0x00000203b49c47d0 ConcurrentGCThread "G1 Refine#12" [stack: 0x000000d8aa000000,0x000000d8aa100000] [id=171732]
  0x00000203b49c4db0 ConcurrentGCThread "G1 Refine#13" [stack: 0x000000d8aa100000,0x000000d8aa200000] [id=171756]
  0x00000203aa5b24f0 ConcurrentGCThread "G1 Service" [stack: 0x000000d8a7200000,0x000000d8a7300000] [id=169356]

Threads with active compile tasks:
C2 CompilerThread0    29256 20366       4       org.jetbrains.kotlin.resolve.calls.inference.components.ConstraintInjector$TypeCheckerStateForConstraintInjector::runIsSubtypeOf (148 bytes)
C2 CompilerThread1    29256 20443       4       org.jetbrains.kotlin.types.AbstractTypeChecker::isSubtypeForSameConstructor (543 bytes)

VM state: at safepoint (normal execution)

VM Mutex/Monitor currently owned by a thread:  ([mutex/lock_event])
[0x000002038b041860] Threads_lock - owner thread: 0x00000203aa931f10
[0x000002038b042b80] Heap_lock - owner thread: 0x000002038b0c27b0

Heap address: 0x0000000704e00000, size: 4018 MB, Compressed Oops mode: Zero based, Oop shift amount: 3

CDS archive(s) not mapped
Compressed class space mapped at: 0x0000000800000000-0x0000000840000000, reserved size: 1073741824
Narrow klass base: 0x0000000800000000, Narrow klass shift: 0, Narrow klass range: 0x40000000

GC Precious Log:
 CPUs: 20 total, 20 available
 Memory: 16068M
 Large Page Support: Disabled
 NUMA Support: Disabled
 Compressed Oops: Enabled (Zero based)
 Heap Region Size: 2M
 Heap Min Capacity: 8M
 Heap Initial Capacity: 252M
 Heap Max Capacity: 4018M
 Pre-touch: Disabled
 Parallel Workers: 15
 Concurrent Workers: 4
 Concurrent Refinement Workers: 15
 Periodic GC: Disabled

Heap:
 garbage-first heap   total 614400K, used 543086K [0x0000000704e00000, 0x0000000800000000)
  region size 2048K, 4 young (8192K), 2 survivors (4096K)
 Metaspace       used 72600K, committed 73024K, reserved 1114112K
  class space    used 8021K, committed 8256K, reserved 1048576K

Heap Regions: E=young(eden), S=young(survivor), O=old, HS=humongous(starts), HC=humongous(continues), CS=collection set, F=free, OA=open archive, CA=closed archive, TAMS=top-at-mark-start (previous, next)
|   0|0x0000000704e00000, 0x0000000705000000, 0x0000000705000000|100%|HS|  |TAMS 0x0000000705000000, 0x0000000704e00000| Complete 
|   1|0x0000000705000000, 0x0000000705200000, 0x0000000705200000|100%|HC|  |TAMS 0x0000000705200000, 0x0000000705000000| Complete 
|   2|0x0000000705200000, 0x0000000705400000, 0x0000000705400000|100%| O|  |TAMS 0x0000000705400000, 0x0000000705200000| Untracked 
|   3|0x0000000705400000, 0x0000000705600000, 0x0000000705600000|100%| O|  |TAMS 0x0000000705600000, 0x0000000705400000| Untracked 
|   4|0x0000000705600000, 0x0000000705800000, 0x0000000705800000|100%| O|  |TAMS 0x0000000705800000, 0x0000000705600000| Untracked 
|   5|0x0000000705800000, 0x0000000705a00000, 0x0000000705a00000|100%| O|  |TAMS 0x0000000705a00000, 0x0000000705800000| Untracked 
|   6|0x0000000705a00000, 0x0000000705c00000, 0x0000000705c00000|100%| O|  |TAMS 0x0000000705c00000, 0x0000000705a00000| Updating 
|   7|0x0000000705c00000, 0x0000000705e00000, 0x0000000705e00000|100%| O|  |TAMS 0x0000000705e00000, 0x0000000705c00000| Untracked 
|   8|0x0000000705e00000, 0x0000000706000000, 0x0000000706000000|100%| O|  |TAMS 0x0000000706000000, 0x0000000705e00000| Untracked 
|   9|0x0000000706000000, 0x0000000706200000, 0x0000000706200000|100%| O|  |TAMS 0x0000000706200000, 0x0000000706000000| Untracked 
|  10|0x0000000706200000, 0x0000000706400000, 0x0000000706400000|100%| O|  |TAMS 0x0000000706400000, 0x0000000706200000| Updating 
|  11|0x0000000706400000, 0x0000000706600000, 0x0000000706600000|100%| O|  |TAMS 0x0000000706600000, 0x0000000706400000| Updating 
|  12|0x0000000706600000, 0x000000070676d600, 0x0000000706800000| 71%| O|  |TAMS 0x000000070676d600, 0x0000000706600000| Updating 
|  13|0x0000000706800000, 0x0000000706a00000, 0x0000000706a00000|100%| O|  |TAMS 0x0000000706a00000, 0x0000000706800000| Untracked 
|  14|0x0000000706a00000, 0x0000000706c00000, 0x0000000706c00000|100%| O|  |TAMS 0x0000000706c00000, 0x0000000706a00000| Untracked 
|  15|0x0000000706c00000, 0x0000000706e00000, 0x0000000706e00000|100%| O|  |TAMS 0x0000000706e00000, 0x0000000706c00000| Untracked 
|  16|0x0000000706e00000, 0x0000000707000000, 0x0000000707000000|100%| O|  |TAMS 0x0000000707000000, 0x0000000706e00000| Untracked 
|  17|0x0000000707000000, 0x0000000707200000, 0x0000000707200000|100%| O|  |TAMS 0x0000000707200000, 0x0000000707000000| Untracked 
|  18|0x0000000707200000, 0x0000000707400000, 0x0000000707400000|100%| O|  |TAMS 0x0000000707400000, 0x0000000707200000| Untracked 
|  19|0x0000000707400000, 0x0000000707600000, 0x0000000707600000|100%| O|  |TAMS 0x0000000707600000, 0x0000000707400000| Untracked 
|  20|0x0000000707600000, 0x0000000707800000, 0x0000000707800000|100%| O|  |TAMS 0x0000000707800000, 0x0000000707600000| Untracked 
|  21|0x0000000707800000, 0x0000000707a00000, 0x0000000707a00000|100%| O|  |TAMS 0x0000000707a00000, 0x0000000707800000| Untracked 
|  22|0x0000000707a00000, 0x0000000707c00000, 0x0000000707c00000|100%| O|  |TAMS 0x0000000707c00000, 0x0000000707a00000| Untracked 
|  23|0x0000000707c00000, 0x0000000707e00000, 0x0000000707e00000|100%| O|  |TAMS 0x0000000707e00000, 0x0000000707c00000| Untracked 
|  24|0x0000000707e00000, 0x0000000708000000, 0x0000000708000000|100%| O|  |TAMS 0x0000000708000000, 0x0000000707e00000| Untracked 
|  25|0x0000000708000000, 0x0000000708200000, 0x0000000708200000|100%| O|  |TAMS 0x0000000708200000, 0x0000000708000000| Updating 
|  26|0x0000000708200000, 0x0000000708400000, 0x0000000708400000|100%| O|  |TAMS 0x0000000708400000, 0x0000000708200000| Updating 
|  27|0x0000000708400000, 0x0000000708600000, 0x0000000708600000|100%| O|  |TAMS 0x0000000708600000, 0x0000000708400000| Untracked 
|  28|0x0000000708600000, 0x0000000708800000, 0x0000000708800000|100%| O|  |TAMS 0x0000000708800000, 0x0000000708600000| Untracked 
|  29|0x0000000708800000, 0x0000000708a00000, 0x0000000708a00000|100%| O|  |TAMS 0x0000000708a00000, 0x0000000708800000| Updating 
|  30|0x0000000708a00000, 0x0000000708c00000, 0x0000000708c00000|100%| O|  |TAMS 0x0000000708c00000, 0x0000000708a00000| Untracked 
|  31|0x0000000708c00000, 0x0000000708e00000, 0x0000000708e00000|100%| O|  |TAMS 0x0000000708e00000, 0x0000000708c00000| Untracked 
|  32|0x0000000708e00000, 0x0000000709000000, 0x0000000709000000|100%| O|  |TAMS 0x0000000709000000, 0x0000000708e00000| Untracked 
|  33|0x0000000709000000, 0x0000000709200000, 0x0000000709200000|100%| O|  |TAMS 0x0000000709200000, 0x0000000709000000| Updating 
|  34|0x0000000709200000, 0x0000000709400000, 0x0000000709400000|100%| O|  |TAMS 0x0000000709400000, 0x0000000709200000| Untracked 
|  35|0x0000000709400000, 0x0000000709600000, 0x0000000709600000|100%| O|  |TAMS 0x0000000709600000, 0x0000000709400000| Untracked 
|  36|0x0000000709600000, 0x0000000709800000, 0x0000000709800000|100%| O|  |TAMS 0x0000000709800000, 0x0000000709600000| Updating 
|  37|0x0000000709800000, 0x0000000709a00000, 0x0000000709a00000|100%| O|  |TAMS 0x0000000709a00000, 0x0000000709800000| Updating 
|  38|0x0000000709a00000, 0x0000000709c00000, 0x0000000709c00000|100%| O|  |TAMS 0x0000000709c00000, 0x0000000709a00000| Untracked 
|  39|0x0000000709c00000, 0x0000000709e00000, 0x0000000709e00000|100%| O|  |TAMS 0x0000000709e00000, 0x0000000709c00000| Untracked 
|  40|0x0000000709e00000, 0x000000070a000000, 0x000000070a000000|100%|HS|  |TAMS 0x000000070a000000, 0x0000000709e00000| Complete 
|  41|0x000000070a000000, 0x000000070a200000, 0x000000070a200000|100%| O|  |TAMS 0x000000070a200000, 0x000000070a000000| Untracked 
|  42|0x000000070a200000, 0x000000070a400000, 0x000000070a400000|100%| O|  |TAMS 0x000000070a400000, 0x000000070a200000| Untracked 
|  43|0x000000070a400000, 0x000000070a600000, 0x000000070a600000|100%| O|  |TAMS 0x000000070a600000, 0x000000070a400000| Updating 
|  44|0x000000070a600000, 0x000000070a800000, 0x000000070a800000|100%| O|  |TAMS 0x000000070a800000, 0x000000070a600000| Updating 
|  45|0x000000070a800000, 0x000000070aa00000, 0x000000070aa00000|100%| O|  |TAMS 0x000000070aa00000, 0x000000070a800000| Updating 
|  46|0x000000070aa00000, 0x000000070ac00000, 0x000000070ac00000|100%| O|  |TAMS 0x000000070ac00000, 0x000000070aa00000| Updating 
|  47|0x000000070ac00000, 0x000000070ae00000, 0x000000070ae00000|100%| O|  |TAMS 0x000000070ae00000, 0x000000070ac00000| Untracked 
|  48|0x000000070ae00000, 0x000000070b000000, 0x000000070b000000|100%| O|  |TAMS 0x000000070b000000, 0x000000070ae00000| Untracked 
|  49|0x000000070b000000, 0x000000070b200000, 0x000000070b200000|100%| O|  |TAMS 0x000000070b200000, 0x000000070b000000| Untracked 
|  50|0x000000070b200000, 0x000000070b400000, 0x000000070b400000|100%| O|  |TAMS 0x000000070b400000, 0x000000070b200000| Untracked 
|  51|0x000000070b400000, 0x000000070b600000, 0x000000070b600000|100%| O|  |TAMS 0x000000070b600000, 0x000000070b400000| Untracked 
|  52|0x000000070b600000, 0x000000070b800000, 0x000000070b800000|100%| O|  |TAMS 0x000000070b800000, 0x000000070b600000| Untracked 
|  53|0x000000070b800000, 0x000000070ba00000, 0x000000070ba00000|100%| O|  |TAMS 0x000000070ba00000, 0x000000070b800000| Updating 
|  54|0x000000070ba00000, 0x000000070bc00000, 0x000000070bc00000|100%| O|  |TAMS 0x000000070bc00000, 0x000000070ba00000| Untracked 
|  55|0x000000070bc00000, 0x000000070be00000, 0x000000070be00000|100%| O|  |TAMS 0x000000070be00000, 0x000000070bc00000| Untracked 
|  56|0x000000070be00000, 0x000000070c000000, 0x000000070c000000|100%| O|  |TAMS 0x000000070c000000, 0x000000070be00000| Untracked 
|  57|0x000000070c000000, 0x000000070c200000, 0x000000070c200000|100%| O|  |TAMS 0x000000070c200000, 0x000000070c000000| Untracked 
|  58|0x000000070c200000, 0x000000070c400000, 0x000000070c400000|100%| O|  |TAMS 0x000000070c400000, 0x000000070c200000| Untracked 
|  59|0x000000070c400000, 0x000000070c600000, 0x000000070c600000|100%| O|  |TAMS 0x000000070c600000, 0x000000070c400000| Untracked 
|  60|0x000000070c600000, 0x000000070c800000, 0x000000070c800000|100%| O|  |TAMS 0x000000070c800000, 0x000000070c600000| Untracked 
|  61|0x000000070c800000, 0x000000070ca00000, 0x000000070ca00000|100%| O|  |TAMS 0x000000070ca00000, 0x000000070c800000| Updating 
|  62|0x000000070ca00000, 0x000000070cc00000, 0x000000070cc00000|100%| O|  |TAMS 0x000000070cc00000, 0x000000070ca00000| Untracked 
|  63|0x000000070cc00000, 0x000000070ce00000, 0x000000070ce00000|100%| O|  |TAMS 0x000000070ce00000, 0x000000070cc00000| Untracked 
|  64|0x000000070ce00000, 0x000000070d000000, 0x000000070d000000|100%| O|  |TAMS 0x000000070d000000, 0x000000070ce00000| Untracked 
|  65|0x000000070d000000, 0x000000070d200000, 0x000000070d200000|100%| O|  |TAMS 0x000000070d200000, 0x000000070d000000| Untracked 
|  66|0x000000070d200000, 0x000000070d400000, 0x000000070d400000|100%| O|  |TAMS 0x000000070d400000, 0x000000070d200000| Untracked 
|  67|0x000000070d400000, 0x000000070d600000, 0x000000070d600000|100%| O|  |TAMS 0x000000070d600000, 0x000000070d400000| Untracked 
|  68|0x000000070d600000, 0x000000070d800000, 0x000000070d800000|100%| O|  |TAMS 0x000000070d800000, 0x000000070d600000| Untracked 
|  69|0x000000070d800000, 0x000000070da00000, 0x000000070da00000|100%| O|  |TAMS 0x000000070da00000, 0x000000070d800000| Untracked 
|  70|0x000000070da00000, 0x000000070dc00000, 0x000000070dc00000|100%| O|  |TAMS 0x000000070dc00000, 0x000000070da00000| Untracked 
|  71|0x000000070dc00000, 0x000000070de00000, 0x000000070de00000|100%| O|  |TAMS 0x000000070de00000, 0x000000070dc00000| Untracked 
|  72|0x000000070de00000, 0x000000070e000000, 0x000000070e000000|100%| O|  |TAMS 0x000000070e000000, 0x000000070de00000| Updating 
|  73|0x000000070e000000, 0x000000070e200000, 0x000000070e200000|100%| O|  |TAMS 0x000000070e200000, 0x000000070e000000| Updating 
|  74|0x000000070e200000, 0x000000070e400000, 0x000000070e400000|100%| O|  |TAMS 0x000000070e400000, 0x000000070e200000| Untracked 
|  75|0x000000070e400000, 0x000000070e600000, 0x000000070e600000|100%| O|  |TAMS 0x000000070e600000, 0x000000070e400000| Untracked 
|  76|0x000000070e600000, 0x000000070e800000, 0x000000070e800000|100%| O|  |TAMS 0x000000070e800000, 0x000000070e600000| Untracked 
|  77|0x000000070e800000, 0x000000070ea00000, 0x000000070ea00000|100%| O|  |TAMS 0x000000070ea00000, 0x000000070e800000| Untracked 
|  78|0x000000070ea00000, 0x000000070ec00000, 0x000000070ec00000|100%| O|  |TAMS 0x000000070ec00000, 0x000000070ea00000| Untracked 
|  79|0x000000070ec00000, 0x000000070ee00000, 0x000000070ee00000|100%| O|  |TAMS 0x000000070ee00000, 0x000000070ec00000| Untracked 
|  80|0x000000070ee00000, 0x000000070f000000, 0x000000070f000000|100%| O|  |TAMS 0x000000070f000000, 0x000000070ee00000| Untracked 
|  81|0x000000070f000000, 0x000000070f200000, 0x000000070f200000|100%| O|  |TAMS 0x000000070f200000, 0x000000070f000000| Updating 
|  82|0x000000070f200000, 0x000000070f400000, 0x000000070f400000|100%| O|  |TAMS 0x000000070f400000, 0x000000070f200000| Untracked 
|  83|0x000000070f400000, 0x000000070f600000, 0x000000070f600000|100%| O|  |TAMS 0x000000070f600000, 0x000000070f400000| Untracked 
|  84|0x000000070f600000, 0x000000070f800000, 0x000000070f800000|100%| O|  |TAMS 0x000000070f800000, 0x000000070f600000| Untracked 
|  85|0x000000070f800000, 0x000000070fa00000, 0x000000070fa00000|100%| O|  |TAMS 0x000000070fa00000, 0x000000070f800000| Untracked 
|  86|0x000000070fa00000, 0x000000070fc00000, 0x000000070fc00000|100%| O|  |TAMS 0x000000070fc00000, 0x000000070fa00000| Untracked 
|  87|0x000000070fc00000, 0x000000070fe00000, 0x000000070fe00000|100%| O|  |TAMS 0x000000070fe00000, 0x000000070fc00000| Updating 
|  88|0x000000070fe00000, 0x0000000710000000, 0x0000000710000000|100%| O|  |TAMS 0x0000000710000000, 0x000000070fe00000| Updating 
|  89|0x0000000710000000, 0x0000000710200000, 0x0000000710200000|100%| O|  |TAMS 0x0000000710200000, 0x0000000710000000| Untracked 
|  90|0x0000000710200000, 0x0000000710400000, 0x0000000710400000|100%| O|  |TAMS 0x0000000710400000, 0x0000000710200000| Untracked 
|  91|0x0000000710400000, 0x0000000710600000, 0x0000000710600000|100%| O|  |TAMS 0x0000000710600000, 0x0000000710400000| Untracked 
|  92|0x0000000710600000, 0x0000000710800000, 0x0000000710800000|100%| O|  |TAMS 0x0000000710800000, 0x0000000710600000| Untracked 
|  93|0x0000000710800000, 0x0000000710a00000, 0x0000000710a00000|100%| O|  |TAMS 0x0000000710a00000, 0x0000000710800000| Untracked 
|  94|0x0000000710a00000, 0x0000000710c00000, 0x0000000710c00000|100%| O|  |TAMS 0x0000000710c00000, 0x0000000710a00000| Untracked 
|  95|0x0000000710c00000, 0x0000000710e00000, 0x0000000710e00000|100%| O|  |TAMS 0x0000000710e00000, 0x0000000710c00000| Untracked 
|  96|0x0000000710e00000, 0x0000000711000000, 0x0000000711000000|100%| O|  |TAMS 0x0000000711000000, 0x0000000710e00000| Untracked 
|  97|0x0000000711000000, 0x0000000711200000, 0x0000000711200000|100%| O|  |TAMS 0x0000000711200000, 0x0000000711000000| Updating 
|  98|0x0000000711200000, 0x0000000711400000, 0x0000000711400000|100%|HS|  |TAMS 0x0000000711400000, 0x0000000711200000| Complete 
|  99|0x0000000711400000, 0x0000000711600000, 0x0000000711600000|100%|HC|  |TAMS 0x0000000711600000, 0x0000000711400000| Complete 
| 100|0x0000000711600000, 0x0000000711800000, 0x0000000711800000|100%|HC|  |TAMS 0x0000000711800000, 0x0000000711600000| Complete 
| 101|0x0000000711800000, 0x0000000711a00000, 0x0000000711a00000|100%|HC|  |TAMS 0x0000000711a00000, 0x0000000711800000| Complete 
| 102|0x0000000711a00000, 0x0000000711c00000, 0x0000000711c00000|100%|HC|  |TAMS 0x0000000711c00000, 0x0000000711a00000| Complete 
| 103|0x0000000711c00000, 0x0000000711e00000, 0x0000000711e00000|100%| O|  |TAMS 0x0000000711e00000, 0x0000000711c00000| Untracked 
| 104|0x0000000711e00000, 0x0000000712000000, 0x0000000712000000|100%| O|  |TAMS 0x0000000712000000, 0x0000000711e00000| Updating 
| 105|0x0000000712000000, 0x0000000712200000, 0x0000000712200000|100%| O|  |TAMS 0x0000000712200000, 0x0000000712000000| Untracked 
| 106|0x0000000712200000, 0x0000000712400000, 0x0000000712400000|100%| O|  |TAMS 0x0000000712400000, 0x0000000712200000| Untracked 
| 107|0x0000000712400000, 0x0000000712600000, 0x0000000712600000|100%| O|  |TAMS 0x0000000712600000, 0x0000000712400000| Untracked 
| 108|0x0000000712600000, 0x0000000712800000, 0x0000000712800000|100%| O|  |TAMS 0x0000000712800000, 0x0000000712600000| Untracked 
| 109|0x0000000712800000, 0x0000000712a00000, 0x0000000712a00000|100%| O|  |TAMS 0x0000000712a00000, 0x0000000712800000| Untracked 
| 110|0x0000000712a00000, 0x0000000712c00000, 0x0000000712c00000|100%| O|  |TAMS 0x0000000712c00000, 0x0000000712a00000| Untracked 
| 111|0x0000000712c00000, 0x0000000712e00000, 0x0000000712e00000|100%| O|  |TAMS 0x0000000712e00000, 0x0000000712c00000| Untracked 
| 112|0x0000000712e00000, 0x0000000713000000, 0x0000000713000000|100%| O|  |TAMS 0x0000000713000000, 0x0000000712e00000| Updating 
| 113|0x0000000713000000, 0x0000000713200000, 0x0000000713200000|100%| O|  |TAMS 0x0000000713200000, 0x0000000713000000| Updating 
| 114|0x0000000713200000, 0x0000000713400000, 0x0000000713400000|100%| O|  |TAMS 0x0000000713400000, 0x0000000713200000| Untracked 
| 115|0x0000000713400000, 0x0000000713600000, 0x0000000713600000|100%| O|  |TAMS 0x0000000713600000, 0x0000000713400000| Untracked 
| 116|0x0000000713600000, 0x0000000713800000, 0x0000000713800000|100%| O|  |TAMS 0x0000000713800000, 0x0000000713600000| Untracked 
| 117|0x0000000713800000, 0x0000000713a00000, 0x0000000713a00000|100%| O|  |TAMS 0x0000000713a00000, 0x0000000713800000| Untracked 
| 118|0x0000000713a00000, 0x0000000713c00000, 0x0000000713c00000|100%| O|  |TAMS 0x0000000713c00000, 0x0000000713a00000| Untracked 
| 119|0x0000000713c00000, 0x0000000713e00000, 0x0000000713e00000|100%| O|  |TAMS 0x0000000713e00000, 0x0000000713c00000| Untracked 
| 120|0x0000000713e00000, 0x0000000714000000, 0x0000000714000000|100%| O|  |TAMS 0x0000000714000000, 0x0000000713e00000| Untracked 
| 121|0x0000000714000000, 0x0000000714200000, 0x0000000714200000|100%| O|  |TAMS 0x0000000714200000, 0x0000000714000000| Untracked 
| 122|0x0000000714200000, 0x0000000714400000, 0x0000000714400000|100%| O|  |TAMS 0x0000000714400000, 0x0000000714200000| Untracked 
| 123|0x0000000714400000, 0x0000000714600000, 0x0000000714600000|100%| O|  |TAMS 0x0000000714600000, 0x0000000714400000| Untracked 
| 124|0x0000000714600000, 0x0000000714800000, 0x0000000714800000|100%| O|  |TAMS 0x0000000714800000, 0x0000000714600000| Updating 
| 125|0x0000000714800000, 0x0000000714a00000, 0x0000000714a00000|100%| O|  |TAMS 0x0000000714a00000, 0x0000000714800000| Updating 
| 126|0x0000000714a00000, 0x0000000714c00000, 0x0000000714c00000|100%| O|  |TAMS 0x0000000714c00000, 0x0000000714a00000| Untracked 
| 127|0x0000000714c00000, 0x0000000714e00000, 0x0000000714e00000|100%| O|  |TAMS 0x0000000714e00000, 0x0000000714c00000| Untracked 
| 128|0x0000000714e00000, 0x0000000715000000, 0x0000000715000000|100%| O|  |TAMS 0x0000000715000000, 0x0000000714e00000| Untracked 
| 129|0x0000000715000000, 0x0000000715200000, 0x0000000715200000|100%| O|  |TAMS 0x0000000715200000, 0x0000000715000000| Untracked 
| 130|0x0000000715200000, 0x0000000715400000, 0x0000000715400000|100%| O|  |TAMS 0x0000000715400000, 0x0000000715200000| Untracked 
| 131|0x0000000715400000, 0x0000000715600000, 0x0000000715600000|100%| O|  |TAMS 0x0000000715600000, 0x0000000715400000| Untracked 
| 132|0x0000000715600000, 0x0000000715800000, 0x0000000715800000|100%| O|  |TAMS 0x0000000715800000, 0x0000000715600000| Untracked 
| 133|0x0000000715800000, 0x0000000715a00000, 0x0000000715a00000|100%| O|  |TAMS 0x0000000715a00000, 0x0000000715800000| Untracked 
| 134|0x0000000715a00000, 0x0000000715c00000, 0x0000000715c00000|100%| O|  |TAMS 0x0000000715c00000, 0x0000000715a00000| Updating 
| 135|0x0000000715c00000, 0x0000000715e00000, 0x0000000715e00000|100%| O|  |TAMS 0x0000000715e00000, 0x0000000715c00000| Updating 
| 136|0x0000000715e00000, 0x0000000716000000, 0x0000000716000000|100%| O|  |TAMS 0x0000000716000000, 0x0000000715e00000| Untracked 
| 137|0x0000000716000000, 0x0000000716200000, 0x0000000716200000|100%| O|  |TAMS 0x0000000716200000, 0x0000000716000000| Untracked 
| 138|0x0000000716200000, 0x0000000716400000, 0x0000000716400000|100%| O|  |TAMS 0x0000000716400000, 0x0000000716200000| Untracked 
| 139|0x0000000716400000, 0x0000000716600000, 0x0000000716600000|100%| O|  |TAMS 0x0000000716600000, 0x0000000716400000| Untracked 
| 140|0x0000000716600000, 0x0000000716800000, 0x0000000716800000|100%| O|  |TAMS 0x0000000716800000, 0x0000000716600000| Untracked 
| 141|0x0000000716800000, 0x0000000716a00000, 0x0000000716a00000|100%| O|  |TAMS 0x0000000716a00000, 0x0000000716800000| Untracked 
| 142|0x0000000716a00000, 0x0000000716c00000, 0x0000000716c00000|100%| O|  |TAMS 0x0000000716c00000, 0x0000000716a00000| Untracked 
| 143|0x0000000716c00000, 0x0000000716e00000, 0x0000000716e00000|100%| O|  |TAMS 0x0000000716e00000, 0x0000000716c00000| Untracked 
| 144|0x0000000716e00000, 0x0000000717000000, 0x0000000717000000|100%| O|  |TAMS 0x0000000717000000, 0x0000000716e00000| Untracked 
| 145|0x0000000717000000, 0x0000000717200000, 0x0000000717200000|100%| O|  |TAMS 0x0000000717200000, 0x0000000717000000| Untracked 
| 146|0x0000000717200000, 0x0000000717400000, 0x0000000717400000|100%| O|  |TAMS 0x0000000717400000, 0x0000000717200000| Untracked 
| 147|0x0000000717400000, 0x0000000717600000, 0x0000000717600000|100%| O|  |TAMS 0x0000000717600000, 0x0000000717400000| Updating 
| 148|0x0000000717600000, 0x0000000717800000, 0x0000000717800000|100%| O|  |TAMS 0x0000000717800000, 0x0000000717600000| Updating 
| 149|0x0000000717800000, 0x0000000717a00000, 0x0000000717a00000|100%| O|  |TAMS 0x0000000717a00000, 0x0000000717800000| Untracked 
| 150|0x0000000717a00000, 0x0000000717c00000, 0x0000000717c00000|100%| O|  |TAMS 0x0000000717c00000, 0x0000000717a00000| Updating 
| 151|0x0000000717c00000, 0x0000000717e00000, 0x0000000717e00000|100%| O|  |TAMS 0x0000000717e00000, 0x0000000717c00000| Untracked 
| 152|0x0000000717e00000, 0x0000000718000000, 0x0000000718000000|100%| O|  |TAMS 0x0000000718000000, 0x0000000717e00000| Untracked 
| 153|0x0000000718000000, 0x0000000718200000, 0x0000000718200000|100%| O|  |TAMS 0x0000000718200000, 0x0000000718000000| Untracked 
| 154|0x0000000718200000, 0x0000000718400000, 0x0000000718400000|100%| O|  |TAMS 0x0000000718400000, 0x0000000718200000| Untracked 
| 155|0x0000000718400000, 0x0000000718600000, 0x0000000718600000|100%| O|  |TAMS 0x0000000718600000, 0x0000000718400000| Untracked 
| 156|0x0000000718600000, 0x0000000718800000, 0x0000000718800000|100%| O|  |TAMS 0x0000000718800000, 0x0000000718600000| Untracked 
| 157|0x0000000718800000, 0x0000000718a00000, 0x0000000718a00000|100%| O|  |TAMS 0x0000000718a00000, 0x0000000718800000| Updating 
| 158|0x0000000718a00000, 0x0000000718c00000, 0x0000000718c00000|100%| O|  |TAMS 0x0000000718c00000, 0x0000000718a00000| Untracked 
| 159|0x0000000718c00000, 0x0000000718e00000, 0x0000000718e00000|100%| O|  |TAMS 0x0000000718e00000, 0x0000000718c00000| Untracked 
| 160|0x0000000718e00000, 0x0000000719000000, 0x0000000719000000|100%| O|  |TAMS 0x0000000719000000, 0x0000000718e00000| Untracked 
| 161|0x0000000719000000, 0x0000000719200000, 0x0000000719200000|100%| O|  |TAMS 0x0000000719200000, 0x0000000719000000| Untracked 
| 162|0x0000000719200000, 0x0000000719400000, 0x0000000719400000|100%| O|  |TAMS 0x0000000719400000, 0x0000000719200000| Untracked 
| 163|0x0000000719400000, 0x0000000719600000, 0x0000000719600000|100%| O|  |TAMS 0x0000000719600000, 0x0000000719400000| Untracked 
| 164|0x0000000719600000, 0x0000000719800000, 0x0000000719800000|100%| O|  |TAMS 0x0000000719800000, 0x0000000719600000| Untracked 
| 165|0x0000000719800000, 0x0000000719a00000, 0x0000000719a00000|100%| O|  |TAMS 0x0000000719a00000, 0x0000000719800000| Untracked 
| 166|0x0000000719a00000, 0x0000000719c00000, 0x0000000719c00000|100%| O|  |TAMS 0x0000000719c00000, 0x0000000719a00000| Updating 
| 167|0x0000000719c00000, 0x0000000719e00000, 0x0000000719e00000|100%| O|  |TAMS 0x0000000719e00000, 0x0000000719c00000| Updating 
| 168|0x0000000719e00000, 0x000000071a000000, 0x000000071a000000|100%| O|  |TAMS 0x000000071a000000, 0x0000000719e00000| Untracked 
| 169|0x000000071a000000, 0x000000071a200000, 0x000000071a200000|100%| O|  |TAMS 0x000000071a200000, 0x000000071a000000| Untracked 
| 170|0x000000071a200000, 0x000000071a400000, 0x000000071a400000|100%| O|  |TAMS 0x000000071a400000, 0x000000071a200000| Untracked 
| 171|0x000000071a400000, 0x000000071a600000, 0x000000071a600000|100%| O|  |TAMS 0x000000071a600000, 0x000000071a400000| Untracked 
| 172|0x000000071a600000, 0x000000071a800000, 0x000000071a800000|100%| O|  |TAMS 0x000000071a800000, 0x000000071a600000| Updating 
| 173|0x000000071a800000, 0x000000071aa00000, 0x000000071aa00000|100%| O|  |TAMS 0x000000071aa00000, 0x000000071a800000| Updating 
| 174|0x000000071aa00000, 0x000000071ac00000, 0x000000071ac00000|100%| O|  |TAMS 0x000000071ac00000, 0x000000071aa00000| Untracked 
| 175|0x000000071ac00000, 0x000000071ae00000, 0x000000071ae00000|100%| O|  |TAMS 0x000000071ae00000, 0x000000071ac00000| Untracked 
| 176|0x000000071ae00000, 0x000000071b000000, 0x000000071b000000|100%| O|  |TAMS 0x000000071b000000, 0x000000071ae00000| Untracked 
| 177|0x000000071b000000, 0x000000071b200000, 0x000000071b200000|100%| O|  |TAMS 0x000000071b200000, 0x000000071b000000| Updating 
| 178|0x000000071b200000, 0x000000071b400000, 0x000000071b400000|100%| O|  |TAMS 0x000000071b400000, 0x000000071b200000| Untracked 
| 179|0x000000071b400000, 0x000000071b600000, 0x000000071b600000|100%| O|  |TAMS 0x000000071b600000, 0x000000071b400000| Untracked 
| 180|0x000000071b600000, 0x000000071b800000, 0x000000071b800000|100%| O|  |TAMS 0x000000071b800000, 0x000000071b600000| Untracked 
| 181|0x000000071b800000, 0x000000071ba00000, 0x000000071ba00000|100%| O|  |TAMS 0x000000071ba00000, 0x000000071b800000| Updating 
| 182|0x000000071ba00000, 0x000000071bc00000, 0x000000071bc00000|100%| O|  |TAMS 0x000000071bc00000, 0x000000071ba00000| Untracked 
| 183|0x000000071bc00000, 0x000000071be00000, 0x000000071be00000|100%| O|  |TAMS 0x000000071be00000, 0x000000071bc00000| Untracked 
| 184|0x000000071be00000, 0x000000071c000000, 0x000000071c000000|100%| O|  |TAMS 0x000000071c000000, 0x000000071be00000| Untracked 
| 185|0x000000071c000000, 0x000000071c200000, 0x000000071c200000|100%| O|  |TAMS 0x000000071c200000, 0x000000071c000000| Untracked 
| 186|0x000000071c200000, 0x000000071c400000, 0x000000071c400000|100%| O|  |TAMS 0x000000071c400000, 0x000000071c200000| Untracked 
| 187|0x000000071c400000, 0x000000071c600000, 0x000000071c600000|100%| O|  |TAMS 0x000000071c600000, 0x000000071c400000| Untracked 
| 188|0x000000071c600000, 0x000000071c800000, 0x000000071c800000|100%| O|  |TAMS 0x000000071c800000, 0x000000071c600000| Updating 
| 189|0x000000071c800000, 0x000000071ca00000, 0x000000071ca00000|100%| O|  |TAMS 0x000000071ca00000, 0x000000071c800000| Untracked 
| 190|0x000000071ca00000, 0x000000071cc00000, 0x000000071cc00000|100%| O|  |TAMS 0x000000071cc00000, 0x000000071ca00000| Untracked 
| 191|0x000000071cc00000, 0x000000071ce00000, 0x000000071ce00000|100%| O|  |TAMS 0x000000071ce00000, 0x000000071cc00000| Untracked 
| 192|0x000000071ce00000, 0x000000071d000000, 0x000000071d000000|100%| O|  |TAMS 0x000000071d000000, 0x000000071ce00000| Untracked 
| 193|0x000000071d000000, 0x000000071d200000, 0x000000071d200000|100%| O|  |TAMS 0x000000071d200000, 0x000000071d000000| Untracked 
| 194|0x000000071d200000, 0x000000071d400000, 0x000000071d400000|100%| O|  |TAMS 0x000000071d400000, 0x000000071d200000| Untracked 
| 195|0x000000071d400000, 0x000000071d600000, 0x000000071d600000|100%| O|  |TAMS 0x000000071d600000, 0x000000071d400000| Untracked 
| 196|0x000000071d600000, 0x000000071d800000, 0x000000071d800000|100%| O|  |TAMS 0x000000071d800000, 0x000000071d600000| Untracked 
| 197|0x000000071d800000, 0x000000071da00000, 0x000000071da00000|100%| O|  |TAMS 0x000000071da00000, 0x000000071d800000| Updating 
| 198|0x000000071da00000, 0x000000071dc00000, 0x000000071dc00000|100%| O|  |TAMS 0x000000071dc00000, 0x000000071da00000| Untracked 
| 199|0x000000071dc00000, 0x000000071de00000, 0x000000071de00000|100%| O|  |TAMS 0x000000071de00000, 0x000000071dc00000| Untracked 
| 200|0x000000071de00000, 0x000000071e000000, 0x000000071e000000|100%| O|  |TAMS 0x000000071e000000, 0x000000071de00000| Untracked 
| 201|0x000000071e000000, 0x000000071e200000, 0x000000071e200000|100%| O|  |TAMS 0x000000071e200000, 0x000000071e000000| Untracked 
| 202|0x000000071e200000, 0x000000071e400000, 0x000000071e400000|100%| O|  |TAMS 0x000000071e400000, 0x000000071e200000| Untracked 
| 203|0x000000071e400000, 0x000000071e600000, 0x000000071e600000|100%| O|  |TAMS 0x000000071e600000, 0x000000071e400000| Untracked 
| 204|0x000000071e600000, 0x000000071e800000, 0x000000071e800000|100%| O|  |TAMS 0x000000071e800000, 0x000000071e600000| Updating 
| 205|0x000000071e800000, 0x000000071ea00000, 0x000000071ea00000|100%| O|  |TAMS 0x000000071ea00000, 0x000000071e800000| Updating 
| 206|0x000000071ea00000, 0x000000071ec00000, 0x000000071ec00000|100%| O|  |TAMS 0x000000071ec00000, 0x000000071ea00000| Untracked 
| 207|0x000000071ec00000, 0x000000071ee00000, 0x000000071ee00000|100%| O|  |TAMS 0x000000071ee00000, 0x000000071ec00000| Untracked 
| 208|0x000000071ee00000, 0x000000071f000000, 0x000000071f000000|100%| O|  |TAMS 0x000000071f000000, 0x000000071ee00000| Untracked 
| 209|0x000000071f000000, 0x000000071f200000, 0x000000071f200000|100%| O|  |TAMS 0x000000071f200000, 0x000000071f000000| Untracked 
| 210|0x000000071f200000, 0x000000071f400000, 0x000000071f400000|100%| O|  |TAMS 0x000000071f400000, 0x000000071f200000| Untracked 
| 211|0x000000071f400000, 0x000000071f600000, 0x000000071f600000|100%| O|  |TAMS 0x000000071f600000, 0x000000071f400000| Updating 
| 212|0x000000071f600000, 0x000000071f800000, 0x000000071f800000|100%| O|  |TAMS 0x000000071f800000, 0x000000071f600000| Untracked 
| 213|0x000000071f800000, 0x000000071fa00000, 0x000000071fa00000|100%| O|  |TAMS 0x000000071fa00000, 0x000000071f800000| Untracked 
| 214|0x000000071fa00000, 0x000000071fc00000, 0x000000071fc00000|100%| O|  |TAMS 0x000000071fc00000, 0x000000071fa00000| Untracked 
| 215|0x000000071fc00000, 0x000000071fe00000, 0x000000071fe00000|100%| O|  |TAMS 0x000000071fe00000, 0x000000071fc00000| Untracked 
| 216|0x000000071fe00000, 0x0000000720000000, 0x0000000720000000|100%| O|  |TAMS 0x0000000720000000, 0x000000071fe00000| Updating 
| 217|0x0000000720000000, 0x0000000720200000, 0x0000000720200000|100%| O|  |TAMS 0x0000000720200000, 0x0000000720000000| Updating 
| 218|0x0000000720200000, 0x0000000720400000, 0x0000000720400000|100%| O|  |TAMS 0x0000000720400000, 0x0000000720200000| Updating 
| 219|0x0000000720400000, 0x0000000720600000, 0x0000000720600000|100%| O|  |TAMS 0x0000000720600000, 0x0000000720400000| Untracked 
| 220|0x0000000720600000, 0x0000000720800000, 0x0000000720800000|100%| O|  |TAMS 0x0000000720800000, 0x0000000720600000| Untracked 
| 221|0x0000000720800000, 0x0000000720a00000, 0x0000000720a00000|100%| O|  |TAMS 0x0000000720a00000, 0x0000000720800000| Untracked 
| 222|0x0000000720a00000, 0x0000000720c00000, 0x0000000720c00000|100%| O|  |TAMS 0x0000000720c00000, 0x0000000720a00000| Updating 
| 223|0x0000000720c00000, 0x0000000720e00000, 0x0000000720e00000|100%| O|  |TAMS 0x0000000720e00000, 0x0000000720c00000| Updating 
| 224|0x0000000720e00000, 0x0000000721000000, 0x0000000721000000|100%| O|  |TAMS 0x0000000721000000, 0x0000000720e00000| Untracked 
| 225|0x0000000721000000, 0x0000000721200000, 0x0000000721200000|100%| O|  |TAMS 0x0000000721200000, 0x0000000721000000| Untracked 
| 226|0x0000000721200000, 0x0000000721400000, 0x0000000721400000|100%| O|  |TAMS 0x0000000721400000, 0x0000000721200000| Untracked 
| 227|0x0000000721400000, 0x0000000721600000, 0x0000000721600000|100%| O|  |TAMS 0x0000000721600000, 0x0000000721400000| Updating 
| 228|0x0000000721600000, 0x0000000721800000, 0x0000000721800000|100%| O|  |TAMS 0x0000000721800000, 0x0000000721600000| Updating 
| 229|0x0000000721800000, 0x0000000721a00000, 0x0000000721a00000|100%| O|  |TAMS 0x0000000721a00000, 0x0000000721800000| Untracked 
| 230|0x0000000721a00000, 0x0000000721c00000, 0x0000000721c00000|100%| O|  |TAMS 0x0000000721c00000, 0x0000000721a00000| Untracked 
| 231|0x0000000721c00000, 0x0000000721e00000, 0x0000000721e00000|100%| O|  |TAMS 0x0000000721e00000, 0x0000000721c00000| Updating 
| 232|0x0000000721e00000, 0x0000000722000000, 0x0000000722000000|100%| O|  |TAMS 0x0000000722000000, 0x0000000721e00000| Updating 
| 233|0x0000000722000000, 0x0000000722200000, 0x0000000722200000|100%| O|  |TAMS 0x0000000722200000, 0x0000000722000000| Untracked 
| 234|0x0000000722200000, 0x0000000722400000, 0x0000000722400000|100%| O|  |TAMS 0x0000000722400000, 0x0000000722200000| Untracked 
| 235|0x0000000722400000, 0x0000000722600000, 0x0000000722600000|100%| O|  |TAMS 0x0000000722600000, 0x0000000722400000| Untracked 
| 236|0x0000000722600000, 0x0000000722800000, 0x0000000722800000|100%| O|  |TAMS 0x0000000722800000, 0x0000000722600000| Untracked 
| 237|0x0000000722800000, 0x0000000722a00000, 0x0000000722a00000|100%| O|  |TAMS 0x0000000722a00000, 0x0000000722800000| Untracked 
| 238|0x0000000722a00000, 0x0000000722c00000, 0x0000000722c00000|100%| O|  |TAMS 0x0000000722c00000, 0x0000000722a00000| Untracked 
| 239|0x0000000722c00000, 0x0000000722e00000, 0x0000000722e00000|100%| O|  |TAMS 0x0000000722e00000, 0x0000000722c00000| Untracked 
| 240|0x0000000722e00000, 0x0000000723000000, 0x0000000723000000|100%| O|  |TAMS 0x0000000723000000, 0x0000000722e00000| Updating 
| 241|0x0000000723000000, 0x0000000723200000, 0x0000000723200000|100%| O|  |TAMS 0x0000000723200000, 0x0000000723000000| Untracked 
| 242|0x0000000723200000, 0x0000000723400000, 0x0000000723400000|100%| O|  |TAMS 0x0000000723400000, 0x0000000723200000| Updating 
| 243|0x0000000723400000, 0x0000000723600000, 0x0000000723600000|100%| O|  |TAMS 0x0000000723600000, 0x0000000723400000| Untracked 
| 244|0x0000000723600000, 0x0000000723800000, 0x0000000723800000|100%| O|  |TAMS 0x0000000723800000, 0x0000000723600000| Untracked 
| 245|0x0000000723800000, 0x0000000723a00000, 0x0000000723a00000|100%| O|  |TAMS 0x0000000723a00000, 0x0000000723800000| Updating 
| 246|0x0000000723a00000, 0x0000000723c00000, 0x0000000723c00000|100%| O|  |TAMS 0x0000000723c00000, 0x0000000723a00000| Untracked 
| 247|0x0000000723c00000, 0x0000000723e00000, 0x0000000723e00000|100%| O|  |TAMS 0x0000000723e00000, 0x0000000723c00000| Updating 
| 248|0x0000000723e00000, 0x0000000724000000, 0x0000000724000000|100%| O|  |TAMS 0x0000000724000000, 0x0000000723e00000| Untracked 
| 249|0x0000000724000000, 0x0000000724200000, 0x0000000724200000|100%| O|  |TAMS 0x0000000724200000, 0x0000000724000000| Updating 
| 250|0x0000000724200000, 0x0000000724400000, 0x0000000724400000|100%| O|  |TAMS 0x0000000724400000, 0x0000000724200000| Untracked 
| 251|0x0000000724400000, 0x0000000724600000, 0x0000000724600000|100%| O|  |TAMS 0x0000000724600000, 0x0000000724400000| Untracked 
| 252|0x0000000724600000, 0x0000000724800000, 0x0000000724800000|100%| O|  |TAMS 0x0000000724800000, 0x0000000724600000| Untracked 
| 253|0x0000000724800000, 0x0000000724a00000, 0x0000000724a00000|100%| O|  |TAMS 0x0000000724a00000, 0x0000000724800000| Untracked 
| 254|0x0000000724a00000, 0x0000000724c00000, 0x0000000724c00000|100%| O|  |TAMS 0x0000000724c00000, 0x0000000724a00000| Untracked 
| 255|0x0000000724c00000, 0x0000000724e00000, 0x0000000724e00000|100%| O|  |TAMS 0x0000000724e00000, 0x0000000724c00000| Untracked 
| 256|0x0000000724e00000, 0x0000000725000000, 0x0000000725000000|100%| O|  |TAMS 0x0000000725000000, 0x0000000724e00000| Untracked 
| 257|0x0000000725000000, 0x0000000725200000, 0x0000000725200000|100%| O|  |TAMS 0x0000000725200000, 0x0000000725000000| Untracked 
| 258|0x0000000725200000, 0x0000000725400000, 0x0000000725400000|100%| O|  |TAMS 0x0000000725400000, 0x0000000725200000| Untracked 
| 259|0x0000000725400000, 0x0000000725600000, 0x0000000725600000|100%| O|  |TAMS 0x0000000725476000, 0x0000000725400000| Untracked 
| 260|0x0000000725600000, 0x0000000725800000, 0x0000000725800000|100%| O|  |TAMS 0x0000000725600000, 0x0000000725600000| Untracked 
| 261|0x0000000725800000, 0x0000000725a00000, 0x0000000725a00000|100%| O|  |TAMS 0x0000000725800000, 0x0000000725800000| Untracked 
| 262|0x0000000725a00000, 0x0000000725b08e00, 0x0000000725c00000| 51%| O|  |TAMS 0x0000000725a00000, 0x0000000725a00000| Updating 
| 263|0x0000000725c00000, 0x0000000725c00000, 0x0000000725e00000|  0%| F|  |TAMS 0x0000000725c00000, 0x0000000725c00000| Untracked 
| 264|0x0000000725e00000, 0x0000000725e00000, 0x0000000726000000|  0%| F|  |TAMS 0x0000000725e00000, 0x0000000725e00000| Untracked 
| 265|0x0000000726000000, 0x0000000726000000, 0x0000000726200000|  0%| F|  |TAMS 0x0000000726000000, 0x0000000726000000| Untracked 
| 266|0x0000000726200000, 0x0000000726200000, 0x0000000726400000|  0%| F|  |TAMS 0x0000000726200000, 0x0000000726200000| Untracked 
| 267|0x0000000726400000, 0x0000000726400000, 0x0000000726600000|  0%| F|  |TAMS 0x0000000726400000, 0x0000000726400000| Untracked 
| 268|0x0000000726600000, 0x0000000726600000, 0x0000000726800000|  0%| F|  |TAMS 0x0000000726600000, 0x0000000726600000| Untracked 
| 269|0x0000000726800000, 0x0000000726800000, 0x0000000726a00000|  0%| F|  |TAMS 0x0000000726800000, 0x0000000726800000| Untracked 
| 270|0x0000000726a00000, 0x0000000726a00000, 0x0000000726c00000|  0%| F|  |TAMS 0x0000000726a00000, 0x0000000726a00000| Untracked 
| 271|0x0000000726c00000, 0x0000000726c00000, 0x0000000726e00000|  0%| F|  |TAMS 0x0000000726c00000, 0x0000000726c00000| Untracked 
| 272|0x0000000726e00000, 0x0000000726e00000, 0x0000000727000000|  0%| F|  |TAMS 0x0000000726e00000, 0x0000000726e00000| Untracked 
| 273|0x0000000727000000, 0x0000000727000000, 0x0000000727200000|  0%| F|  |TAMS 0x0000000727000000, 0x0000000727000000| Untracked 
| 274|0x0000000727200000, 0x0000000727200000, 0x0000000727400000|  0%| F|  |TAMS 0x0000000727200000, 0x0000000727200000| Untracked 
| 275|0x0000000727400000, 0x0000000727400000, 0x0000000727600000|  0%| F|  |TAMS 0x0000000727400000, 0x0000000727400000| Untracked 
| 276|0x0000000727600000, 0x0000000727600000, 0x0000000727800000|  0%| F|  |TAMS 0x0000000727600000, 0x0000000727600000| Untracked 
| 277|0x0000000727800000, 0x0000000727800000, 0x0000000727a00000|  0%| F|  |TAMS 0x0000000727800000, 0x0000000727800000| Untracked 
| 278|0x0000000727a00000, 0x0000000727a00000, 0x0000000727c00000|  0%| F|  |TAMS 0x0000000727a00000, 0x0000000727a00000| Untracked 
| 279|0x0000000727c00000, 0x0000000727c00000, 0x0000000727e00000|  0%| F|  |TAMS 0x0000000727c00000, 0x0000000727c00000| Untracked 
| 280|0x0000000727e00000, 0x0000000727e00000, 0x0000000728000000|  0%| F|  |TAMS 0x0000000727e00000, 0x0000000727e00000| Untracked 
| 281|0x0000000728000000, 0x0000000728000000, 0x0000000728200000|  0%| F|  |TAMS 0x0000000728000000, 0x0000000728000000| Untracked 
| 282|0x0000000728200000, 0x0000000728200000, 0x0000000728400000|  0%| F|  |TAMS 0x0000000728200000, 0x0000000728200000| Untracked 
| 283|0x0000000728400000, 0x0000000728400000, 0x0000000728600000|  0%| F|  |TAMS 0x0000000728400000, 0x0000000728400000| Untracked 
| 284|0x0000000728600000, 0x0000000728600000, 0x0000000728800000|  0%| F|  |TAMS 0x0000000728600000, 0x0000000728600000| Untracked 
| 285|0x0000000728800000, 0x00000007289e5460, 0x0000000728a00000| 94%| S|CS|TAMS 0x0000000728800000, 0x0000000728800000| Complete 
| 286|0x0000000728a00000, 0x0000000728c00000, 0x0000000728c00000|100%| S|CS|TAMS 0x0000000728a00000, 0x0000000728a00000| Complete 
| 287|0x0000000728c00000, 0x0000000728c00000, 0x0000000728e00000|  0%| F|  |TAMS 0x0000000728c00000, 0x0000000728c00000| Untracked 
| 288|0x0000000728e00000, 0x0000000728e00000, 0x0000000729000000|  0%| F|  |TAMS 0x0000000728e00000, 0x0000000728e00000| Untracked 
| 289|0x0000000729000000, 0x0000000729000000, 0x0000000729200000|  0%| F|  |TAMS 0x0000000729000000, 0x0000000729000000| Untracked 
| 290|0x0000000729200000, 0x0000000729200000, 0x0000000729400000|  0%| F|  |TAMS 0x0000000729200000, 0x0000000729200000| Untracked 
| 291|0x0000000729400000, 0x0000000729400000, 0x0000000729600000|  0%| F|  |TAMS 0x0000000729400000, 0x0000000729400000| Untracked 
| 292|0x0000000729600000, 0x0000000729600000, 0x0000000729800000|  0%| F|  |TAMS 0x0000000729600000, 0x0000000729600000| Untracked 
| 293|0x0000000729800000, 0x0000000729800000, 0x0000000729a00000|  0%| F|  |TAMS 0x0000000729800000, 0x0000000729800000| Untracked 
| 294|0x0000000729a00000, 0x0000000729a00000, 0x0000000729c00000|  0%| F|  |TAMS 0x0000000729a00000, 0x0000000729a00000| Untracked 
| 295|0x0000000729c00000, 0x0000000729c00000, 0x0000000729e00000|  0%| F|  |TAMS 0x0000000729c00000, 0x0000000729c00000| Untracked 
| 296|0x0000000729e00000, 0x0000000729e00000, 0x000000072a000000|  0%| F|  |TAMS 0x0000000729e00000, 0x0000000729e00000| Untracked 
| 297|0x000000072a000000, 0x000000072a000000, 0x000000072a200000|  0%| F|  |TAMS 0x000000072a000000, 0x000000072a000000| Untracked 
| 298|0x000000072a200000, 0x000000072a400000, 0x000000072a400000|100%| E|  |TAMS 0x000000072a200000, 0x000000072a200000| Complete 
| 299|0x000000072a400000, 0x000000072a600000, 0x000000072a600000|100%| E|CS|TAMS 0x000000072a400000, 0x000000072a400000| Complete 

Card table byte_map: [0x000002039e7a0000,0x000002039ef80000] _byte_map_base: 0x000002039af79000

Marking Bits (Prev, Next): (CMBitMap*) 0x000002038b0b2370, (CMBitMap*) 0x000002038b0b23b0
 Prev Bits: [0x000002039f760000, 0x00000203a3628000)
 Next Bits: [0x00000203a3630000, 0x00000203a74f8000)

Polling page: 0x0000020388cf0000

Metaspace:

Usage:
  Non-class:     63.07 MB used.
      Class:      7.83 MB used.
       Both:     70.90 MB used.

Virtual space:
  Non-class space:       64.00 MB reserved,      63.25 MB ( 99%) committed,  1 nodes.
      Class space:        1.00 GB reserved,       8.06 MB ( <1%) committed,  1 nodes.
             Both:        1.06 GB reserved,      71.31 MB (  7%) committed. 

Chunk freelists:
   Non-Class:  800.00 KB
       Class:  7.98 MB
        Both:  8.76 MB

MaxMetaspaceSize: unlimited
CompressedClassSpaceSize: 1.00 GB
Initial GC threshold: 21.00 MB
Current GC threshold: 110.00 MB
CDS: off
MetaspaceReclaimPolicy: balanced
 - commit_granule_bytes: 65536.
 - commit_granule_words: 8192.
 - virtual_space_node_default_size: 8388608.
 - enlarge_chunks_in_place: 1.
 - new_chunks_are_fully_committed: 0.
 - uncommit_free_chunks: 1.
 - use_allocation_guard: 0.
 - handle_deallocations: 1.


Internal statistics:

num_allocs_failed_limit: 6.
num_arena_births: 704.
num_arena_deaths: 0.
num_vsnodes_births: 2.
num_vsnodes_deaths: 0.
num_space_committed: 1139.
num_space_uncommitted: 0.
num_chunks_returned_to_freelist: 6.
num_chunks_taken_from_freelist: 3419.
num_chunk_merges: 6.
num_chunk_splits: 2443.
num_chunks_enlarged: 1824.
num_inconsistent_stats: 0.

CodeHeap 'non-profiled nmethods': size=119168Kb used=16985Kb max_used=16985Kb free=102182Kb
 bounds [0x00000203960c0000, 0x0000020397160000, 0x000002039d520000]
CodeHeap 'profiled nmethods': size=119104Kb used=42675Kb max_used=43377Kb free=76428Kb
 bounds [0x000002038e520000, 0x0000020390fa0000, 0x0000020395970000]
CodeHeap 'non-nmethods': size=7488Kb used=3001Kb max_used=3090Kb free=4486Kb
 bounds [0x0000020395970000, 0x0000020395cd0000, 0x00000203960c0000]
 total_blobs=16009 nmethods=15390 adapters=524
 compilation: enabled
              stopped_count=0, restarted_count=0
 full_count=0

Compilation events (20 events):
Event: 29.175 Thread 0x00000203aa9e2330 nmethod 20432 0x0000020397152c90 code [0x0000020397152e00, 0x0000020397152e78]
Event: 29.175 Thread 0x00000203aa9e2330 20438       4       org.jetbrains.kotlin.com.intellij.psi.util.CachedValuesManager::getProjectPsiDependentCache (40 bytes)
Event: 29.177 Thread 0x00000203aa9e5260 20441       3       org.jetbrains.kotlin.psi.KtProperty::isVar (40 bytes)
Event: 29.177 Thread 0x00000203aa9e5260 nmethod 20441 0x0000020390562d10 code [0x0000020390562f00, 0x0000020390563508]
Event: 29.178 Thread 0x00000203aa9e5260 20442       3       org.jetbrains.kotlin.com.intellij.psi.util.PsiUtilCore::toPsiElementArray (44 bytes)
Event: 29.179 Thread 0x00000203aa9e5260 nmethod 20442 0x000002039049dd10 code [0x000002039049df00, 0x000002039049e3d8]
Event: 29.183 Thread 0x00000203b0a6e4e0 nmethod 20437 0x0000020397152f90 code [0x00000203971531c0, 0x0000020397153ce0]
Event: 29.183 Thread 0x00000203b0a6e4e0 20443       4       org.jetbrains.kotlin.types.AbstractTypeChecker::isSubtypeForSameConstructor (543 bytes)
Event: 29.188 Thread 0x00000203aa9e2330 nmethod 20438 0x0000020397154810 code [0x0000020397154a00, 0x00000203971552e0]
Event: 29.188 Thread 0x00000203aa9e2330 20435       4       java.util.stream.AbstractPipeline::sourceSpliterator (265 bytes)
Event: 29.189 Thread 0x00000203aa9e2330 nmethod 20435 0x0000020397155a10 code [0x0000020397155b80, 0x0000020397155cd8]
Event: 29.189 Thread 0x00000203aa9e2330 20360       4       org.jetbrains.kotlin.resolve.DescriptorUtils::isSealedClass (41 bytes)
Event: 29.189 Thread 0x00000203aa9e2330 nmethod 20360 0x0000020397155e10 code [0x0000020397155fa0, 0x0000020397156198]
Event: 29.189 Thread 0x00000203aa9e2330 20433       4       org.jetbrains.kotlin.resolve.OverridingUtilTypeSystemContext::isMarkedNullable (6 bytes)
Event: 29.190 Thread 0x00000203aa9e2330 nmethod 20433 0x0000020397156310 code [0x00000203971564a0, 0x0000020397156598]
Event: 29.190 Thread 0x00000203aa9e2330 20366       4       org.jetbrains.kotlin.resolve.calls.inference.components.ConstraintInjector$TypeCheckerStateForConstraintInjector::runIsSubtypeOf (148 bytes)
Event: 29.193 Thread 0x00000203afe69f40 20445       3       org.jetbrains.kotlin.resolve.AnnotationTargetLists::getT_TYPE_PROJECTION (4 bytes)
Event: 29.193 Thread 0x00000203afe69f40 nmethod 20445 0x0000020390490e10 code [0x0000020390490fa0, 0x00000203904910b8]
Event: 29.202 Thread 0x00000203afa8e680 20449       3       org.jetbrains.kotlin.types.error.ErrorPropertyDescriptor::getTypeParameters (8 bytes)
Event: 29.202 Thread 0x00000203afa8e680 nmethod 20449 0x0000020390562890 code [0x0000020390562a40, 0x0000020390562c08]

GC Heap History (20 events):
Event: 27.210 GC heap before
{Heap before GC invocations=53 (full 0):
 garbage-first heap   total 614400K, used 536569K [0x0000000704e00000, 0x0000000800000000)
  region size 2048K, 20 young (40960K), 3 survivors (6144K)
 Metaspace       used 72313K, committed 72704K, reserved 1114112K
  class space    used 8018K, committed 8256K, reserved 1048576K
}
Event: 27.213 GC heap after
{Heap after GC invocations=54 (full 0):
 garbage-first heap   total 614400K, used 506123K [0x0000000704e00000, 0x0000000800000000)
  region size 2048K, 3 young (6144K), 3 survivors (6144K)
 Metaspace       used 72313K, committed 72704K, reserved 1114112K
  class space    used 8018K, committed 8256K, reserved 1048576K
}
Event: 27.447 GC heap before
{Heap before GC invocations=54 (full 0):
 garbage-first heap   total 614400K, used 536843K [0x0000000704e00000, 0x0000000800000000)
  region size 2048K, 18 young (36864K), 3 survivors (6144K)
 Metaspace       used 72341K, committed 72768K, reserved 1114112K
  class space    used 8018K, committed 8256K, reserved 1048576K
}
Event: 27.450 GC heap after
{Heap after GC invocations=55 (full 0):
 garbage-first heap   total 614400K, used 510776K [0x0000000704e00000, 0x0000000800000000)
  region size 2048K, 3 young (6144K), 3 survivors (6144K)
 Metaspace       used 72341K, committed 72768K, reserved 1114112K
  class space    used 8018K, committed 8256K, reserved 1048576K
}
Event: 27.682 GC heap before
{Heap before GC invocations=55 (full 0):
 garbage-first heap   total 614400K, used 539448K [0x0000000704e00000, 0x0000000800000000)
  region size 2048K, 17 young (34816K), 3 survivors (6144K)
 Metaspace       used 72351K, committed 72768K, reserved 1114112K
  class space    used 8018K, committed 8256K, reserved 1048576K
}
Event: 27.685 GC heap after
{Heap after GC invocations=56 (full 0):
 garbage-first heap   total 614400K, used 515735K [0x0000000704e00000, 0x0000000800000000)
  region size 2048K, 3 young (6144K), 3 survivors (6144K)
 Metaspace       used 72351K, committed 72768K, reserved 1114112K
  class space    used 8018K, committed 8256K, reserved 1048576K
}
Event: 27.900 GC heap before
{Heap before GC invocations=56 (full 0):
 garbage-first heap   total 614400K, used 540311K [0x0000000704e00000, 0x0000000800000000)
  region size 2048K, 15 young (30720K), 3 survivors (6144K)
 Metaspace       used 72381K, committed 72832K, reserved 1114112K
  class space    used 8018K, committed 8256K, reserved 1048576K
}
Event: 27.903 GC heap after
{Heap after GC invocations=57 (full 0):
 garbage-first heap   total 614400K, used 518859K [0x0000000704e00000, 0x0000000800000000)
  region size 2048K, 2 young (4096K), 2 survivors (4096K)
 Metaspace       used 72381K, committed 72832K, reserved 1114112K
  class space    used 8018K, committed 8256K, reserved 1048576K
}
Event: 28.111 GC heap before
{Heap before GC invocations=57 (full 0):
 garbage-first heap   total 614400K, used 545483K [0x0000000704e00000, 0x0000000800000000)
  region size 2048K, 15 young (30720K), 2 survivors (4096K)
 Metaspace       used 72445K, committed 72832K, reserved 1114112K
  class space    used 8020K, committed 8256K, reserved 1048576K
}
Event: 28.114 GC heap after
{Heap after GC invocations=58 (full 0):
 garbage-first heap   total 614400K, used 522280K [0x0000000704e00000, 0x0000000800000000)
  region size 2048K, 2 young (4096K), 2 survivors (4096K)
 Metaspace       used 72445K, committed 72832K, reserved 1114112K
  class space    used 8020K, committed 8256K, reserved 1048576K
}
Event: 28.354 GC heap before
{Heap before GC invocations=58 (full 0):
 garbage-first heap   total 614400K, used 548904K [0x0000000704e00000, 0x0000000800000000)
  region size 2048K, 15 young (30720K), 2 survivors (4096K)
 Metaspace       used 72510K, committed 72960K, reserved 1114112K
  class space    used 8020K, committed 8256K, reserved 1048576K
}
Event: 28.358 GC heap after
{Heap after GC invocations=59 (full 0):
 garbage-first heap   total 614400K, used 526391K [0x0000000704e00000, 0x0000000800000000)
  region size 2048K, 2 young (4096K), 2 survivors (4096K)
 Metaspace       used 72510K, committed 72960K, reserved 1114112K
  class space    used 8020K, committed 8256K, reserved 1048576K
}
Event: 28.571 GC heap before
{Heap before GC invocations=59 (full 0):
 garbage-first heap   total 614400K, used 553015K [0x0000000704e00000, 0x0000000800000000)
  region size 2048K, 15 young (30720K), 2 survivors (4096K)
 Metaspace       used 72531K, committed 72960K, reserved 1114112K
  class space    used 8020K, committed 8256K, reserved 1048576K
}
Event: 28.574 GC heap after
{Heap after GC invocations=60 (full 0):
 garbage-first heap   total 614400K, used 530416K [0x0000000704e00000, 0x0000000800000000)
  region size 2048K, 2 young (4096K), 2 survivors (4096K)
 Metaspace       used 72531K, committed 72960K, reserved 1114112K
  class space    used 8020K, committed 8256K, reserved 1048576K
}
Event: 28.803 GC heap before
{Heap before GC invocations=60 (full 0):
 garbage-first heap   total 614400K, used 557040K [0x0000000704e00000, 0x0000000800000000)
  region size 2048K, 15 young (30720K), 2 survivors (4096K)
 Metaspace       used 72574K, committed 73024K, reserved 1114112K
  class space    used 8021K, committed 8256K, reserved 1048576K
}
Event: 28.806 GC heap after
{Heap after GC invocations=61 (full 0):
 garbage-first heap   total 614400K, used 533199K [0x0000000704e00000, 0x0000000800000000)
  region size 2048K, 2 young (4096K), 2 survivors (4096K)
 Metaspace       used 72574K, committed 73024K, reserved 1114112K
  class space    used 8021K, committed 8256K, reserved 1048576K
}
Event: 28.986 GC heap before
{Heap before GC invocations=61 (full 0):
 garbage-first heap   total 614400K, used 559823K [0x0000000704e00000, 0x0000000800000000)
  region size 2048K, 15 young (30720K), 2 survivors (4096K)
 Metaspace       used 72594K, committed 73024K, reserved 1114112K
  class space    used 8021K, committed 8256K, reserved 1048576K
}
Event: 28.992 GC heap after
{Heap after GC invocations=62 (full 0):
 garbage-first heap   total 614400K, used 537021K [0x0000000704e00000, 0x0000000800000000)
  region size 2048K, 2 young (4096K), 2 survivors (4096K)
 Metaspace       used 72594K, committed 73024K, reserved 1114112K
  class space    used 8021K, committed 8256K, reserved 1048576K
}
Event: 29.183 GC heap before
{Heap before GC invocations=62 (full 0):
 garbage-first heap   total 614400K, used 563645K [0x0000000704e00000, 0x0000000800000000)
  region size 2048K, 15 young (30720K), 2 survivors (4096K)
 Metaspace       used 72600K, committed 73024K, reserved 1114112K
  class space    used 8021K, committed 8256K, reserved 1048576K
}
Event: 29.186 GC heap after
{Heap after GC invocations=63 (full 0):
 garbage-first heap   total 614400K, used 541038K [0x0000000704e00000, 0x0000000800000000)
  region size 2048K, 2 young (4096K), 2 survivors (4096K)
 Metaspace       used 72600K, committed 73024K, reserved 1114112K
  class space    used 8021K, committed 8256K, reserved 1048576K
}

Dll operation events (2 events):
Event: 0.005 Loaded shared library C:\Program Files\Android\Android Studio1\jbr\bin\java.dll
Event: 1.432 Loaded shared library C:\Program Files\Android\Android Studio1\jbr\bin\verify.dll

Deoptimization events (20 events):
Event: 29.070 Thread 0x000002038b046c80 Uncommon trap: trap_request=0xffffff45 fr.pc=0x0000020396662840 relative=0x00000000000045a0
Event: 29.070 Thread 0x000002038b046c80 Uncommon trap: reason=unstable_if action=reinterpret pc=0x0000020396662840 method=org.jetbrains.kotlin.load.java.typeEnhancement.AbstractSignatureParts$toIndexed$1$1.invoke(Lorg/jetbrains/kotlin/load/java/typeEnhancement/AbstractSignatureParts$TypeAndDefa
Event: 29.070 Thread 0x000002038b046c80 DEOPT PACKING pc=0x0000020396662840 sp=0x000000d8a6dfb110
Event: 29.070 Thread 0x000002038b046c80 DEOPT UNPACKING pc=0x00000203959c69a3 sp=0x000000d8a6dfb0c0 mode 2
Event: 29.103 Thread 0x000002038b046c80 Uncommon trap: trap_request=0xffffff66 fr.pc=0x0000020397143cf4 relative=0x00000000000009d4
Event: 29.103 Thread 0x000002038b046c80 Uncommon trap: reason=speculate_class_check action=maybe_recompile pc=0x0000020397143cf4 method=org.jetbrains.kotlin.builtins.FunctionTypesKt.getFunctionTypeKind(Lorg/jetbrains/kotlin/types/KotlinType;)Lorg/jetbrains/kotlin/builtins/functions/FunctionType
Event: 29.103 Thread 0x000002038b046c80 DEOPT PACKING pc=0x0000020397143cf4 sp=0x000000d8a6dfd180
Event: 29.103 Thread 0x000002038b046c80 DEOPT UNPACKING pc=0x00000203959c69a3 sp=0x000000d8a6dfd058 mode 2
Event: 29.110 Thread 0x000002038b046c80 Uncommon trap: trap_request=0xffffff66 fr.pc=0x0000020397143cf4 relative=0x00000000000009d4
Event: 29.110 Thread 0x000002038b046c80 Uncommon trap: reason=speculate_class_check action=maybe_recompile pc=0x0000020397143cf4 method=org.jetbrains.kotlin.builtins.FunctionTypesKt.getFunctionTypeKind(Lorg/jetbrains/kotlin/types/KotlinType;)Lorg/jetbrains/kotlin/builtins/functions/FunctionType
Event: 29.110 Thread 0x000002038b046c80 DEOPT PACKING pc=0x0000020397143cf4 sp=0x000000d8a6dfd180
Event: 29.110 Thread 0x000002038b046c80 DEOPT UNPACKING pc=0x00000203959c69a3 sp=0x000000d8a6dfd058 mode 2
Event: 29.127 Thread 0x000002038b046c80 Uncommon trap: trap_request=0xffffff66 fr.pc=0x0000020397143d04 relative=0x00000000000009e4
Event: 29.127 Thread 0x000002038b046c80 Uncommon trap: reason=speculate_class_check action=maybe_recompile pc=0x0000020397143d04 method=org.jetbrains.kotlin.builtins.FunctionTypesKt.getFunctionTypeKind(Lorg/jetbrains/kotlin/types/KotlinType;)Lorg/jetbrains/kotlin/builtins/functions/FunctionType
Event: 29.127 Thread 0x000002038b046c80 DEOPT PACKING pc=0x0000020397143d04 sp=0x000000d8a6dfcb50
Event: 29.127 Thread 0x000002038b046c80 DEOPT UNPACKING pc=0x00000203959c69a3 sp=0x000000d8a6dfca28 mode 2
Event: 29.127 Thread 0x000002038b046c80 Uncommon trap: trap_request=0xffffff66 fr.pc=0x0000020397143d04 relative=0x00000000000009e4
Event: 29.127 Thread 0x000002038b046c80 Uncommon trap: reason=speculate_class_check action=maybe_recompile pc=0x0000020397143d04 method=org.jetbrains.kotlin.builtins.FunctionTypesKt.getFunctionTypeKind(Lorg/jetbrains/kotlin/types/KotlinType;)Lorg/jetbrains/kotlin/builtins/functions/FunctionType
Event: 29.127 Thread 0x000002038b046c80 DEOPT PACKING pc=0x0000020397143d04 sp=0x000000d8a6dfcb50
Event: 29.127 Thread 0x000002038b046c80 DEOPT UNPACKING pc=0x00000203959c69a3 sp=0x000000d8a6dfca28 mode 2

Classes unloaded (0 events):
No events

Classes redefined (0 events):
No events

Internal exceptions (20 events):
Event: 12.558 Thread 0x000002038b046c80 Implicit null exception at 0x00000203965823ab to 0x00000203965829f4
Event: 12.563 Thread 0x000002038b046c80 Implicit null exception at 0x000002039658657c to 0x0000020396586ba8
Event: 12.565 Thread 0x000002038b046c80 Exception <a 'java/lang/NoSuchMethodError'{0x00000007233473f0}: 'int java.lang.invoke.DirectMethodHandle$Holder.invokeStaticInit(java.lang.Object, int)'> (0x00000007233473f0) 
thrown [s\src\hotspot\share\interpreter\linkResolver.cpp, line 771]
Event: 12.570 Thread 0x000002038b046c80 Implicit null exception at 0x000002039658ab54 to 0x000002039658af4c
Event: 12.570 Thread 0x000002038b046c80 Implicit null exception at 0x000002039655dc55 to 0x000002039655de4c
Event: 12.754 Thread 0x000002038b046c80 Implicit null exception at 0x00000203962b6a2f to 0x00000203962b6b1c
Event: 12.754 Thread 0x000002038b046c80 Implicit null exception at 0x00000203962b6f58 to 0x00000203962b6fee
Event: 12.777 Thread 0x000002038b046c80 Exception <a 'java/lang/NoSuchMethodError'{0x00000007224b9968}: 'java.lang.Object java.lang.invoke.DirectMethodHandle$Holder.invokeInterface(java.lang.Object, java.lang.Object, java.lang.Object)'> (0x00000007224b9968) 
thrown [s\src\hotspot\share\interpreter\linkResolver.cpp, line 771]
Event: 12.777 Thread 0x000002038b046c80 Exception <a 'java/lang/IncompatibleClassChangeError'{0x00000007224bd580}: Found class java.lang.Object, but interface was expected> (0x00000007224bd580) 
thrown [s\src\hotspot\share\interpreter\linkResolver.cpp, line 838]
Event: 13.103 Thread 0x000002038b046c80 Exception <a 'java/lang/NoSuchMethodError'{0x000000072153c560}: 'java.lang.Object java.lang.invoke.DirectMethodHandle$Holder.invokeStatic(java.lang.Object, int, java.lang.Object)'> (0x000000072153c560) 
thrown [s\src\hotspot\share\interpreter\linkResolver.cpp, line 771]
Event: 13.156 Thread 0x000002038b046c80 Exception <a 'java/lang/NoSuchMethodError'{0x0000000721397730}: 'java.lang.Object java.lang.invoke.DirectMethodHandle$Holder.newInvokeSpecial(java.lang.Object, java.lang.Object, java.lang.Object, java.lang.Object, java.lang.Object, java.lang.Object, java.lang.Object)'> (0x0000000721397730) 
thrown [s\src\hotspot\share\interpreter\linkResolver.cpp, line 771]
Event: 13.156 Thread 0x000002038b046c80 Exception <a 'java/lang/NoSuchMethodError'{0x000000072139c400}: 'java.lang.Object java.lang.invoke.Invokers$Holder.linkToTargetMethod(java.lang.Object, java.lang.Object, java.lang.Object, java.lang.Object, java.lang.Object, java.lang.Object, java.lang.Object)'> (0x000000072139c400) 
thrown [s\src\hotspot\share\interpreter\linkResolver.cpp, line 771]
Event: 13.207 Thread 0x000002038b046c80 Implicit null exception at 0x00000203967a7c97 to 0x00000203967a81eb
Event: 13.372 Thread 0x000002038b046c80 Implicit null exception at 0x0000020396722fbc to 0x00000203967238d8
Event: 13.846 Thread 0x000002038b046c80 Exception <a 'java/lang/NoSuchMethodError'{0x000000072524ff78}: 'java.lang.Object java.lang.invoke.DirectMethodHandle$Holder.newInvokeSpecial(java.lang.Object, int, java.lang.Object, java.lang.Object)'> (0x000000072524ff78) 
thrown [s\src\hotspot\share\interpreter\linkResolver.cpp, line 771]
Event: 14.729 Thread 0x000002038b046c80 Exception <a 'java/lang/IncompatibleClassChangeError'{0x00000007221fef10}: Found class java.lang.Object, but interface was expected> (0x00000007221fef10) 
thrown [s\src\hotspot\share\interpreter\linkResolver.cpp, line 838]
Event: 19.029 Thread 0x000002038b046c80 Implicit null exception at 0x0000020396af2ee3 to 0x0000020396af6da0
Event: 21.274 Thread 0x000002038b046c80 Implicit null exception at 0x000002039676c4b7 to 0x000002039676ca1b
Event: 22.506 Thread 0x000002038b046c80 Implicit null exception at 0x0000020396858aa5 to 0x00000203968592ac
Event: 24.140 Thread 0x000002038b046c80 Implicit null exception at 0x0000020396af5847 to 0x0000020396af5d58

VM Operations (20 events):
Event: 27.903 Executing VM operation: G1CollectForAllocation done
Event: 28.111 Executing VM operation: G1CollectForAllocation
Event: 28.114 Executing VM operation: G1CollectForAllocation done
Event: 28.300 Executing VM operation: ICBufferFull
Event: 28.301 Executing VM operation: ICBufferFull done
Event: 28.354 Executing VM operation: G1CollectForAllocation
Event: 28.358 Executing VM operation: G1CollectForAllocation done
Event: 28.427 Executing VM operation: HandshakeAllThreads
Event: 28.427 Executing VM operation: HandshakeAllThreads done
Event: 28.571 Executing VM operation: G1CollectForAllocation
Event: 28.574 Executing VM operation: G1CollectForAllocation done
Event: 28.803 Executing VM operation: G1CollectForAllocation
Event: 28.806 Executing VM operation: G1CollectForAllocation done
Event: 28.986 Executing VM operation: G1CollectForAllocation
Event: 28.992 Executing VM operation: G1CollectForAllocation done
Event: 29.170 Executing VM operation: HandshakeAllThreads
Event: 29.171 Executing VM operation: HandshakeAllThreads done
Event: 29.183 Executing VM operation: G1CollectForAllocation
Event: 29.186 Executing VM operation: G1CollectForAllocation done
Event: 29.223 Executing VM operation: G1PauseRemark

Events (20 events):
Event: 28.443 Thread 0x00000203aa9e5b70 flushing nmethod 0x000002038ffe0790
Event: 28.443 Thread 0x00000203aa9e5b70 flushing nmethod 0x00000203900eb390
Event: 28.444 Thread 0x00000203aa9e5b70 flushing nmethod 0x0000020390359a90
Event: 28.444 Thread 0x00000203aa9e5b70 flushing nmethod 0x0000020390376890
Event: 28.444 Thread 0x00000203aa9e5b70 flushing nmethod 0x000002039037cc90
Event: 28.445 Thread 0x00000203aa9e5b70 flushing nmethod 0x000002039049dd10
Event: 28.445 Thread 0x00000203aa9e5b70 flushing nmethod 0x000002039052d890
Event: 28.445 Thread 0x00000203aa9e5b70 flushing nmethod 0x0000020390549e10
Event: 28.445 Thread 0x00000203aa9e5b70 flushing nmethod 0x0000020390562890
Event: 28.445 Thread 0x00000203aa9e5b70 flushing nmethod 0x000002039056b790
Event: 28.445 Thread 0x00000203aa9e5b70 flushing nmethod 0x0000020390671210
Event: 28.445 Thread 0x00000203aa9e5b70 flushing nmethod 0x0000020390671c90
Event: 28.448 Thread 0x00000203aa9e5b70 flushing nmethod 0x0000020390d4e610
Event: 28.448 Thread 0x00000203aa9e5b70 flushing nmethod 0x0000020390d84c10
Event: 29.179 Thread 0x00000203aa9e5b70 flushing nmethod 0x000002038eb13b10
Event: 29.181 Thread 0x00000203aa9e5b70 flushing nmethod 0x000002038effa210
Event: 29.192 Thread 0x00000203aa9e5b70 flushing nmethod 0x000002038fe09690
Event: 29.195 Thread 0x00000203aa9e5b70 flushing nmethod 0x0000020390547110
Event: 29.195 Thread 0x00000203aa9e5b70 flushing nmethod 0x000002039054ec10
Event: 29.196 Thread 0x00000203aa9e5b70 flushing nmethod 0x000002039059cd90


Dynamic libraries:
0x00007ff66e980000 - 0x00007ff66e98a000 	C:\Program Files\Android\Android Studio1\jbr\bin\java.exe
0x00007ffb76e80000 - 0x00007ffb7706d000 	C:\Windows\SYSTEM32\ntdll.dll
0x00007ffb75810000 - 0x00007ffb758c3000 	C:\Windows\System32\KERNEL32.DLL
0x00007ffb739c0000 - 0x00007ffb73c5a000 	C:\Windows\System32\KERNELBASE.dll
0x00007ffb738c0000 - 0x00007ffb739ba000 	C:\Windows\System32\ucrtbase.dll
0x00007ffb6d080000 - 0x00007ffb6d09b000 	C:\Program Files\Android\Android Studio1\jbr\bin\VCRUNTIME140.dll
0x00007ffb3cbf0000 - 0x00007ffb3cc07000 	C:\Program Files\Android\Android Studio1\jbr\bin\jli.dll
0x00007ffb76a80000 - 0x00007ffb76c17000 	C:\Windows\System32\USER32.dll
0x00007ffb736a0000 - 0x00007ffb736c0000 	C:\Windows\System32\win32u.dll
0x00007ffb574b0000 - 0x00007ffb57729000 	C:\Windows\WinSxS\amd64_microsoft.windows.common-controls_6595b64144ccf1df_6.0.17763.3046_none_de715ebe534b36e3\COMCTL32.dll
0x00007ffb75780000 - 0x00007ffb757a9000 	C:\Windows\System32\GDI32.dll
0x00007ffb740b0000 - 0x00007ffb7414e000 	C:\Windows\System32\msvcrt.dll
0x00007ffb73c60000 - 0x00007ffb73dfc000 	C:\Windows\System32\gdi32full.dll
0x00007ffb73770000 - 0x00007ffb73810000 	C:\Windows\System32\msvcp_win.dll
0x00007ffb758e0000 - 0x00007ffb75c0b000 	C:\Windows\System32\combase.dll
0x00007ffb76c80000 - 0x00007ffb76d9d000 	C:\Windows\System32\RPCRT4.dll
0x00007ffb73810000 - 0x00007ffb73892000 	C:\Windows\System32\bcryptPrimitives.dll
0x00007ffb75c10000 - 0x00007ffb75c3e000 	C:\Windows\System32\IMM32.DLL
0x00007ffb5dd90000 - 0x00007ffb5dd9c000 	C:\Program Files\Android\Android Studio1\jbr\bin\vcruntime140_1.dll
0x00007ffb1dd30000 - 0x00007ffb1ddbd000 	C:\Program Files\Android\Android Studio1\jbr\bin\msvcp140.dll
0x00007ffaf4e10000 - 0x00007ffaf5a93000 	C:\Program Files\Android\Android Studio1\jbr\bin\server\jvm.dll
0x00007ffb756d0000 - 0x00007ffb75777000 	C:\Windows\System32\ADVAPI32.dll
0x00007ffb75c40000 - 0x00007ffb75cdf000 	C:\Windows\System32\sechost.dll
0x00007ffb72ec0000 - 0x00007ffb72f1d000 	C:\Windows\System32\POWRPROF.dll
0x00007ffb1d9a0000 - 0x00007ffb1d9a9000 	C:\Windows\SYSTEM32\WSOCK32.dll
0x00007ffb6df90000 - 0x00007ffb6dfb4000 	C:\Windows\SYSTEM32\WINMM.dll
0x00007ffb6b3b0000 - 0x00007ffb6b3ba000 	C:\Windows\SYSTEM32\VERSION.dll
0x00007ffb76090000 - 0x00007ffb760fd000 	C:\Windows\System32\WS2_32.dll
0x00007ffb6de70000 - 0x00007ffb6de9d000 	C:\Windows\SYSTEM32\winmmbase.dll
0x00007ffb73e00000 - 0x00007ffb73e4a000 	C:\Windows\System32\cfgmgr32.dll
0x00007ffb72e50000 - 0x00007ffb72e61000 	C:\Windows\System32\kernel.appcore.dll
0x00007ffb6b6a0000 - 0x00007ffb6b6aa000 	C:\Program Files\Android\Android Studio1\jbr\bin\jimage.dll
0x00007ffb717b0000 - 0x00007ffb7199d000 	C:\Windows\SYSTEM32\DBGHELP.DLL
0x00007ffb57760000 - 0x00007ffb5778a000 	C:\Windows\SYSTEM32\dbgcore.DLL
0x00007ffb5c260000 - 0x00007ffb5c285000 	C:\Program Files\Android\Android Studio1\jbr\bin\java.dll
0x00007ffb5db50000 - 0x00007ffb5db68000 	C:\Program Files\Android\Android Studio1\jbr\bin\zip.dll
0x00007ffb741d0000 - 0x00007ffb756c8000 	C:\Windows\System32\SHELL32.dll
0x00007ffb76da0000 - 0x00007ffb76e47000 	C:\Windows\System32\shcore.dll
0x00007ffb72f20000 - 0x00007ffb73668000 	C:\Windows\System32\windows.storage.dll
0x00007ffb72e90000 - 0x00007ffb72eb3000 	C:\Windows\System32\profapi.dll
0x00007ffb76c20000 - 0x00007ffb76c72000 	C:\Windows\System32\shlwapi.dll
0x00007ffb738a0000 - 0x00007ffb738b7000 	C:\Windows\System32\cryptsp.dll
0x00007ffb53a30000 - 0x00007ffb53a49000 	C:\Program Files\Android\Android Studio1\jbr\bin\net.dll
0x00007ffb6c230000 - 0x00007ffb6c321000 	C:\Windows\SYSTEM32\WINHTTP.dll
0x00007ffb726a0000 - 0x00007ffb72707000 	C:\Windows\system32\mswsock.dll
0x00007ffb538a0000 - 0x00007ffb538b6000 	C:\Program Files\Android\Android Studio1\jbr\bin\nio.dll
0x00007ffb5c250000 - 0x00007ffb5c260000 	C:\Program Files\Android\Android Studio1\jbr\bin\verify.dll

dbghelp: loaded successfully - version: 4.0.5 - missing functions: none
symbol engine: initialized successfully - sym options: 0x614 - pdb path: .;C:\Program Files\Android\Android Studio1\jbr\bin;C:\Windows\SYSTEM32;C:\Windows\WinSxS\amd64_microsoft.windows.common-controls_6595b64144ccf1df_6.0.17763.3046_none_de715ebe534b36e3;C:\Program Files\Android\Android Studio1\jbr\bin\server

VM Arguments:
java_command: org.jetbrains.kotlin.cli.jvm.K2JVMCompiler @C:\Users\Professional\AndroidStudioProjects\NUMAD\app\build\20240422_9878663222395236715.compiler.options
java_class_path (initial): C:\Users\Professional\.gradle\caches\modules-2\files-2.1\org.jetbrains.kotlin\kotlin-compiler-embeddable\1.9.22\9cd4dc7773cf2a99ecd961a88fbbc9a2da3fb5e1\kotlin-compiler-embeddable-1.9.22.jar;C:\Users\Professional\.gradle\caches\modules-2\files-2.1\org.jetbrains.kotlin\kotlin-stdlib\1.9.22\d6c44cd08d8f3f9bece8101216dbe6553365c6e3\kotlin-stdlib-1.9.22.jar;C:\Users\Professional\.gradle\caches\modules-2\files-2.1\org.jetbrains.kotlin\kotlin-script-runtime\1.9.22\f8139a46fc677ec9badc49ae954392f4f5e7e7c7\kotlin-script-runtime-1.9.22.jar;C:\Users\Professional\.gradle\caches\modules-2\files-2.1\org.jetbrains.kotlin\kotlin-reflect\1.6.10\1cbe9c92c12a94eea200d23c2bbaedaf3daf5132\kotlin-reflect-1.6.10.jar;C:\Users\Professional\.gradle\caches\modules-2\files-2.1\org.jetbrains.kotlin\kotlin-daemon-embeddable\1.9.22\20e2c5df715f3240c765cfc222530e2796542021\kotlin-daemon-embeddable-1.9.22.jar;C:\Users\Professional\.gradle\caches\modules-2\files-2.1\org.jetbrains.intellij.deps\trove4j\1.0.20200330\3afb14d5f9ceb459d724e907a21145e8ff394f02\trove4j-1.0.20200330.jar;C:\Users\Professional\.gradle\caches\modules-2\files-2.1\org.jetbrains\annotations\13.0\919f0dfe192fb4e063e7dacadee7f8bb9a2672a9\annotations-13.0.jar
Launcher Type: SUN_STANDARD

[Global flags]
     intx CICompilerCount                          = 12                                        {product} {ergonomic}
     uint ConcGCThreads                            = 4                                         {product} {ergonomic}
     uint G1ConcRefinementThreads                  = 15                                        {product} {ergonomic}
   size_t G1HeapRegionSize                         = 2097152                                   {product} {ergonomic}
    uintx GCDrainStackTargetSize                   = 64                                        {product} {ergonomic}
   size_t InitialHeapSize                          = 264241152                                 {product} {ergonomic}
   size_t MarkStackSize                            = 4194304                                   {product} {ergonomic}
   size_t MaxHeapSize                              = 4213178368                                {product} {ergonomic}
   size_t MaxNewSize                               = 2527068160                                {product} {ergonomic}
   size_t MinHeapDeltaBytes                        = 2097152                                   {product} {ergonomic}
   size_t MinHeapSize                              = 8388608                                   {product} {ergonomic}
    uintx NonNMethodCodeHeapSize                   = 7602480                                {pd product} {ergonomic}
    uintx NonProfiledCodeHeapSize                  = 122027880                              {pd product} {ergonomic}
    uintx ProfiledCodeHeapSize                     = 122027880                              {pd product} {ergonomic}
    uintx ReservedCodeCacheSize                    = 251658240                              {pd product} {ergonomic}
     bool SegmentedCodeCache                       = true                                      {product} {ergonomic}
   size_t SoftMaxHeapSize                          = 4213178368                             {manageable} {ergonomic}
     bool UseCompressedClassPointers               = true                           {product lp64_product} {ergonomic}
     bool UseCompressedOops                        = true                           {product lp64_product} {ergonomic}
     bool UseG1GC                                  = true                                      {product} {ergonomic}
     bool UseLargePagesIndividualAllocation        = false                                  {pd product} {ergonomic}

Logging:
Log output configuration:
 #0: stdout all=warning uptime,level,tags
 #1: stderr all=off uptime,level,tags

Environment Variables:
JAVA_HOME=C:\Program Files\jdk-20.0.1
PATH=C:\Windows\system32;C:\Windows;C:\Windows\System32\Wbem;C:\Windows\System32\WindowsPowerShell\v1.0\;C:\Windows\System32\OpenSSH\;C:\Program Files\dotnet\;C:\Program Files\Git\cmd;C:\Program Files\NVIDIA Corporation\NVIDIA NvDLISR;C:\Program Files (x86)\NVIDIA Corporation\PhysX\Common;C:\Program Files\Cloudflare\Cloudflare WARP\;C:\Users\Professional\AppData\Local\Microsoft\WindowsApps;C:\Users\Professional\flutter\bin;C:\Users\Professional\flutter\bin\cache\dart-sdk\bin;C:\Users\Professional\AppData\Local\Android\Sdk\platform-tools;
USERNAME=Professional
OS=Windows_NT
PROCESSOR_IDENTIFIER=Intel64 Family 6 Model 154 Stepping 3, GenuineIntel
TMP=C:\Users\PROFES~1\AppData\Local\Temp
TEMP=C:\Users\PROFES~1\AppData\Local\Temp



Periodic native trim disabled

JNI global refs:
JNI global refs: 20, weak refs: 17

JNI global refs memory usage: 843, weak refs: 841

OOME stack traces (most recent first):
Classloader memory used:
Loader jdk.internal.loader.ClassLoaders$AppClassLoader                                 : 7466K
Loader bootstrap                                                                       : 1458K
Loader jdk.internal.reflect.DelegatingClassLoader                                      : 105K
Loader java.net.URLClassLoader                                                         : 43649B
Loader jdk.internal.loader.ClassLoaders$PlatformClassLoader                            : 2276B


---------------  S Y S T E M  ---------------

OS:
 Windows 10 , 64 bit Build 17763 (10.0.17763.2989)
OS uptime: 2 days 17:50 hours

CPU: total 20 (initial active 20) (20 cores per cpu, 1 threads per core) family 6 model 154 stepping 3 microcode 0x41c, cx8, cmov, fxsr, mmx, 3dnowpref, sse, sse2, sse3, ssse3, sse4.1, sse4.2, popcnt, lzcnt, tsc, tscinvbit, avx, avx2, aes, erms, clmul, bmi1, bmi2, adx, sha, fma, vzeroupper, clflush, clflushopt, clwb
Processor Information for processor 0
  Max Mhz: 2688, Current Mhz: 2688, Mhz Limit: 1962
Processor Information for processor 1
  Max Mhz: 2688, Current Mhz: 2688, Mhz Limit: 1962
Processor Information for processor 2
  Max Mhz: 2688, Current Mhz: 2688, Mhz Limit: 1962
Processor Information for processor 3
  Max Mhz: 2688, Current Mhz: 2688, Mhz Limit: 1962
Processor Information for processor 4
  Max Mhz: 2688, Current Mhz: 2688, Mhz Limit: 1962
Processor Information for processor 5
  Max Mhz: 2688, Current Mhz: 2688, Mhz Limit: 1962
Processor Information for processor 6
  Max Mhz: 2688, Current Mhz: 2688, Mhz Limit: 1962
Processor Information for processor 7
  Max Mhz: 2688, Current Mhz: 2688, Mhz Limit: 1962
Processor Information for processor 8
  Max Mhz: 2688, Current Mhz: 2688, Mhz Limit: 1962
Processor Information for processor 9
  Max Mhz: 2688, Current Mhz: 2688, Mhz Limit: 1962
Processor Information for processor 10
  Max Mhz: 2688, Current Mhz: 2688, Mhz Limit: 1962
Processor Information for processor 11
  Max Mhz: 2688, Current Mhz: 2688, Mhz Limit: 2688
Processor Information for processor 12
  Max Mhz: 2688, Current Mhz: 1986, Mhz Limit: 1962
Processor Information for processor 13
  Max Mhz: 2688, Current Mhz: 1986, Mhz Limit: 1962
Processor Information for processor 14
  Max Mhz: 2688, Current Mhz: 1986, Mhz Limit: 1962
Processor Information for processor 15
  Max Mhz: 2688, Current Mhz: 1986, Mhz Limit: 1962
Processor Information for processor 16
  Max Mhz: 2688, Current Mhz: 1986, Mhz Limit: 1962
Processor Information for processor 17
  Max Mhz: 2688, Current Mhz: 1986, Mhz Limit: 1962
Processor Information for processor 18
  Max Mhz: 2688, Current Mhz: 1986, Mhz Limit: 1962
Processor Information for processor 19
  Max Mhz: 2688, Current Mhz: 1986, Mhz Limit: 1962

Memory: 4k page, system-wide physical 16068M (164M free)
TotalPageFile size 40068M (AvailPageFile size 96M)
current process WorkingSet (physical memory assigned to process): 830M, peak: 854M
current process commit charge ("private bytes"): 930M, peak: 1219M

vm_info: OpenJDK 64-Bit Server VM (17.0.9+0--11185874) for windows-amd64 JRE (17.0.9+0--11185874), built on Dec  6 2023 18:57:44 by "androidbuild" with MS VC++ 16.10 / 16.11 (VS2019)

END.
